GPU NUM:  0
model and criterion loaded ...
source illustration B00000-G00000-O00000-Y00000-P00000-000000-000000
target illustration O00000-P00000-G00000-Y00000-000000-000000-000000
plan illustration 00001000000000010000000100000001000000010000000100000001000000010000000100000001000000010000000100000001000000010000000100000001
predicted:  tensor([0.0010, 0.0010, 0.0010, 0.0010, 0.0010, 0.0010, 0.0010, 1.0000, 0.0010,
        0.0010, 0.0010, 0.0010, 0.0010, 0.0010, 0.0010, 1.0000, 0.0010, 0.0010,
        0.0010, 0.0010, 0.0010, 0.0010, 0.0010, 1.0000, 0.0010, 0.0010, 0.0010,
        0.0010, 0.0010, 0.0010, 0.0010, 1.0000, 0.0010, 0.0010, 0.0010, 0.0010,
        0.0010, 0.0010, 0.0010, 1.0000, 0.0010, 0.0010, 0.0010, 0.0010, 0.0010,
        0.0010, 0.0010, 1.0000, 0.0010, 0.0010, 0.0010, 0.0010, 0.0010, 0.0010,
        0.0010, 1.0000, 0.0010, 0.0010, 0.0010, 0.0010, 0.0010, 0.0010, 0.0010,
        1.0000, 0.0010, 0.0010, 0.0010, 0.0010, 0.0010, 0.0010, 0.0010, 1.0000,
        0.0010, 0.0010, 0.0010, 0.0010, 0.0010, 0.0010, 0.0010, 1.0000, 0.0010,
        0.0010, 0.0010, 0.0010, 0.0010, 0.0010, 0.0010, 1.0000, 0.0010, 0.0010,
        0.0010, 0.0010, 0.0010, 0.0010, 0.0010, 1.0000, 0.0010, 0.0010, 0.0010,
        0.0010, 0.0010, 0.0010, 0.0010, 1.0000, 0.0010, 0.0010, 0.0010, 0.0010,
        0.0010, 0.0010, 0.0010, 1.0000, 0.0010, 0.0010, 0.0010, 0.0010, 0.0010,
        0.0010, 0.0010, 1.0000, 0.0010, 0.0010, 0.0010, 0.0010, 0.0010, 0.0010,
        0.0010, 1.0000])
Epoch [1/200], Step [93/9375], Loss: 0.0129
source illustration R00000-B00000-G00000-P00000-000000-000000-000000
target illustration P00000-G00000-B00000-R00000-000000-000000-000000
plan illustration 00000001000000010000000100000001000000010000000100000001000000010000000100000001000000010000000100000001000000010000000100000001
predicted:  tensor([0.0010, 0.0010, 0.0010, 0.0010, 0.0010, 0.0010, 0.0010, 1.0000, 0.0010,
        0.0010, 0.0010, 0.0010, 0.0010, 0.0010, 0.0010, 1.0000, 0.0010, 0.0010,
        0.0010, 0.0010, 0.0010, 0.0010, 0.0010, 1.0000, 0.0010, 0.0010, 0.0010,
        0.0010, 0.0010, 0.0010, 0.0010, 1.0000, 0.0010, 0.0010, 0.0010, 0.0010,
        0.0010, 0.0010, 0.0010, 1.0000, 0.0010, 0.0010, 0.0010, 0.0010, 0.0010,
        0.0010, 0.0010, 1.0000, 0.0010, 0.0010, 0.0010, 0.0010, 0.0010, 0.0010,
        0.0010, 1.0000, 0.0010, 0.0010, 0.0010, 0.0010, 0.0010, 0.0010, 0.0010,
        1.0000, 0.0010, 0.0010, 0.0010, 0.0010, 0.0010, 0.0010, 0.0010, 1.0000,
        0.0010, 0.0010, 0.0010, 0.0010, 0.0010, 0.0010, 0.0010, 1.0000, 0.0010,
        0.0010, 0.0010, 0.0010, 0.0010, 0.0010, 0.0010, 1.0000, 0.0010, 0.0010,
        0.0010, 0.0010, 0.0010, 0.0010, 0.0010, 1.0000, 0.0010, 0.0010, 0.0010,
        0.0010, 0.0010, 0.0010, 0.0010, 1.0000, 0.0010, 0.0010, 0.0010, 0.0010,
        0.0010, 0.0010, 0.0010, 1.0000, 0.0010, 0.0010, 0.0010, 0.0010, 0.0010,
        0.0010, 0.0010, 1.0000, 0.0010, 0.0010, 0.0010, 0.0010, 0.0010, 0.0010,
        0.0010, 1.0000])
Epoch [1/200], Step [186/9375], Loss: 0.0129
source illustration P00000-G00000-B00000-R00000-O00000-000000-000000
target illustration O00000-P00000-R00000-B00000-G00000-000000-000000
plan illustration 00000001000000010000000100000001000000010000000100000001000000010000000100000001000000010000000100000001000000010000000100000001
predicted:  tensor([0.0010, 0.0010, 0.0010, 0.0010, 0.0010, 0.0010, 0.0010, 1.0000, 0.0010,
        0.0010, 0.0010, 0.0010, 0.0010, 0.0010, 0.0010, 1.0000, 0.0010, 0.0010,
        0.0010, 0.0010, 0.0010, 0.0010, 0.0010, 1.0000, 0.0010, 0.0010, 0.0010,
        0.0010, 0.0010, 0.0010, 0.0010, 1.0000, 0.0010, 0.0010, 0.0010, 0.0010,
        0.0010, 0.0010, 0.0010, 1.0000, 0.0010, 0.0010, 0.0010, 0.0010, 0.0010,
        0.0010, 0.0010, 1.0000, 0.0010, 0.0010, 0.0010, 0.0010, 0.0010, 0.0010,
        0.0010, 1.0000, 0.0010, 0.0010, 0.0010, 0.0010, 0.0010, 0.0010, 0.0010,
        1.0000, 0.0010, 0.0010, 0.0010, 0.0010, 0.0010, 0.0010, 0.0010, 1.0000,
        0.0010, 0.0010, 0.0010, 0.0010, 0.0010, 0.0010, 0.0010, 1.0000, 0.0010,
        0.0010, 0.0010, 0.0010, 0.0010, 0.0010, 0.0010, 1.0000, 0.0010, 0.0010,
        0.0010, 0.0010, 0.0010, 0.0010, 0.0010, 1.0000, 0.0010, 0.0010, 0.0010,
        0.0010, 0.0010, 0.0010, 0.0010, 1.0000, 0.0010, 0.0010, 0.0010, 0.0010,
        0.0010, 0.0010, 0.0010, 1.0000, 0.0010, 0.0010, 0.0010, 0.0010, 0.0010,
        0.0010, 0.0010, 1.0000, 0.0010, 0.0010, 0.0010, 0.0010, 0.0010, 0.0010,
        0.0010, 1.0000])
Epoch [1/200], Step [279/9375], Loss: 0.0161
source illustration R00000-Y00000-B00000-O00000-G00000-000000-000000
target illustration G00000-R00000-Y00000-B00000-O00000-000000-000000
plan illustration 00000001000000010000000100000001000000010000000100000001000000010000000100000001000000010000000100000001000000010000000100000001
predicted:  tensor([0.0010, 0.0010, 0.0010, 0.0010, 0.0010, 0.0010, 0.0010, 1.0000, 0.0010,
        0.0010, 0.0010, 0.0010, 0.0010, 0.0010, 0.0010, 1.0000, 0.0010, 0.0010,
        0.0010, 0.0010, 0.0010, 0.0010, 0.0010, 1.0000, 0.0010, 0.0010, 0.0010,
        0.0010, 0.0010, 0.0010, 0.0010, 1.0000, 0.0010, 0.0010, 0.0010, 0.0010,
        0.0010, 0.0010, 0.0010, 1.0000, 0.0010, 0.0010, 0.0010, 0.0010, 0.0010,
        0.0010, 0.0010, 1.0000, 0.0010, 0.0010, 0.0010, 0.0010, 0.0010, 0.0010,
        0.0010, 1.0000, 0.0010, 0.0010, 0.0010, 0.0010, 0.0010, 0.0010, 0.0010,
        1.0000, 0.0010, 0.0010, 0.0010, 0.0010, 0.0010, 0.0010, 0.0010, 1.0000,
        0.0010, 0.0010, 0.0010, 0.0010, 0.0010, 0.0010, 0.0010, 1.0000, 0.0010,
        0.0010, 0.0010, 0.0010, 0.0010, 0.0010, 0.0010, 1.0000, 0.0010, 0.0010,
        0.0010, 0.0010, 0.0010, 0.0010, 0.0010, 1.0000, 0.0010, 0.0010, 0.0010,
        0.0010, 0.0010, 0.0010, 0.0010, 1.0000, 0.0010, 0.0010, 0.0010, 0.0010,
        0.0010, 0.0010, 0.0010, 1.0000, 0.0010, 0.0010, 0.0010, 0.0010, 0.0010,
        0.0010, 0.0010, 1.0000, 0.0010, 0.0010, 0.0010, 0.0010, 0.0010, 0.0010,
        0.0010, 1.0000])
Epoch [1/200], Step [372/9375], Loss: 0.0112
source illustration Y00000-G00000-B00000-R00000-O00000-000000-000000
target illustration G00000-B00000-Y00000-R00000-O00000-000000-000000
plan illustration 00000001000000010000000100000001000000010000000100000001000000010000000100000001000000010000000100000001000000010000000100000001
predicted:  tensor([0.0010, 0.0010, 0.0010, 0.0010, 0.0010, 0.0010, 0.0010, 1.0000, 0.0010,
        0.0010, 0.0010, 0.0010, 0.0010, 0.0010, 0.0010, 1.0000, 0.0010, 0.0010,
        0.0010, 0.0010, 0.0010, 0.0010, 0.0010, 1.0000, 0.0010, 0.0010, 0.0010,
        0.0010, 0.0010, 0.0010, 0.0010, 1.0000, 0.0010, 0.0010, 0.0010, 0.0010,
        0.0010, 0.0010, 0.0010, 1.0000, 0.0010, 0.0010, 0.0010, 0.0010, 0.0010,
        0.0010, 0.0010, 1.0000, 0.0010, 0.0010, 0.0010, 0.0010, 0.0010, 0.0010,
        0.0010, 1.0000, 0.0010, 0.0010, 0.0010, 0.0010, 0.0010, 0.0010, 0.0010,
        1.0000, 0.0010, 0.0010, 0.0010, 0.0010, 0.0010, 0.0010, 0.0010, 1.0000,
        0.0010, 0.0010, 0.0010, 0.0010, 0.0010, 0.0010, 0.0010, 1.0000, 0.0010,
        0.0010, 0.0010, 0.0010, 0.0010, 0.0010, 0.0010, 1.0000, 0.0010, 0.0010,
        0.0010, 0.0010, 0.0010, 0.0010, 0.0010, 1.0000, 0.0010, 0.0010, 0.0010,
        0.0010, 0.0010, 0.0010, 0.0010, 1.0000, 0.0010, 0.0010, 0.0010, 0.0010,
        0.0010, 0.0010, 0.0010, 1.0000, 0.0010, 0.0010, 0.0010, 0.0010, 0.0010,
        0.0010, 0.0010, 1.0000, 0.0010, 0.0010, 0.0010, 0.0010, 0.0010, 0.0010,
        0.0010, 1.0000])
Epoch [1/200], Step [465/9375], Loss: 0.0166
source illustration R00000-B00000-Y00000-O00000-P00000-000000-000000
target illustration O00000-P00000-B00000-YR0000-000000-000000-000000
plan illustration 00000010000100000000000100000001000000010000000100000001000000010000000100000001000000010000000100000001000000010000000100000001
predicted:  tensor([0.0010, 0.0010, 0.0010, 0.0010, 0.0010, 0.0010, 0.0010, 1.0000, 0.0010,
        0.0010, 0.0010, 0.0010, 0.0010, 0.0010, 0.0010, 1.0000, 0.0010, 0.0010,
        0.0010, 0.0010, 0.0010, 0.0010, 0.0010, 1.0000, 0.0010, 0.0010, 0.0010,
        0.0010, 0.0010, 0.0010, 0.0010, 1.0000, 0.0010, 0.0010, 0.0010, 0.0010,
        0.0010, 0.0010, 0.0010, 1.0000, 0.0010, 0.0010, 0.0010, 0.0010, 0.0010,
        0.0010, 0.0010, 1.0000, 0.0010, 0.0010, 0.0010, 0.0010, 0.0010, 0.0010,
        0.0010, 1.0000, 0.0010, 0.0010, 0.0010, 0.0010, 0.0010, 0.0010, 0.0010,
        1.0000, 0.0010, 0.0010, 0.0010, 0.0010, 0.0010, 0.0010, 0.0010, 1.0000,
        0.0010, 0.0010, 0.0010, 0.0010, 0.0010, 0.0010, 0.0010, 1.0000, 0.0010,
        0.0010, 0.0010, 0.0010, 0.0010, 0.0010, 0.0010, 1.0000, 0.0010, 0.0010,
        0.0010, 0.0010, 0.0010, 0.0010, 0.0010, 1.0000, 0.0010, 0.0010, 0.0010,
        0.0010, 0.0010, 0.0010, 0.0010, 1.0000, 0.0010, 0.0010, 0.0010, 0.0010,
        0.0010, 0.0010, 0.0010, 1.0000, 0.0010, 0.0010, 0.0010, 0.0010, 0.0010,
        0.0010, 0.0010, 1.0000, 0.0010, 0.0010, 0.0010, 0.0010, 0.0010, 0.0010,
        0.0010, 1.0000])
Epoch [1/200], Step [558/9375], Loss: 0.0120
source illustration G00000-Y00000-R00000-B00000-O00000-000000-000000
target illustration B00000-O00000-R00000-Y00000-G00000-000000-000000
plan illustration 00000001000000010000000100000001000000010000000100000001000000010000000100000001000000010000000100000001000000010000000100000001
predicted:  tensor([0.0010, 0.0010, 0.0010, 0.0010, 0.0010, 0.0010, 0.0010, 1.0000, 0.0010,
        0.0010, 0.0010, 0.0010, 0.0010, 0.0010, 0.0010, 1.0000, 0.0010, 0.0010,
        0.0010, 0.0010, 0.0010, 0.0010, 0.0010, 1.0000, 0.0010, 0.0010, 0.0010,
        0.0010, 0.0010, 0.0010, 0.0010, 1.0000, 0.0010, 0.0010, 0.0010, 0.0010,
        0.0010, 0.0010, 0.0010, 1.0000, 0.0010, 0.0010, 0.0010, 0.0010, 0.0010,
        0.0010, 0.0010, 1.0000, 0.0010, 0.0010, 0.0010, 0.0010, 0.0010, 0.0010,
        0.0010, 1.0000, 0.0010, 0.0010, 0.0010, 0.0010, 0.0010, 0.0010, 0.0010,
        1.0000, 0.0010, 0.0010, 0.0010, 0.0010, 0.0010, 0.0010, 0.0010, 1.0000,
        0.0010, 0.0010, 0.0010, 0.0010, 0.0010, 0.0010, 0.0010, 1.0000, 0.0010,
        0.0010, 0.0010, 0.0010, 0.0010, 0.0010, 0.0010, 1.0000, 0.0010, 0.0010,
        0.0010, 0.0010, 0.0010, 0.0010, 0.0010, 1.0000, 0.0010, 0.0010, 0.0010,
        0.0010, 0.0010, 0.0010, 0.0010, 1.0000, 0.0010, 0.0010, 0.0010, 0.0010,
        0.0010, 0.0010, 0.0010, 1.0000, 0.0010, 0.0010, 0.0010, 0.0010, 0.0010,
        0.0010, 0.0010, 1.0000, 0.0010, 0.0010, 0.0010, 0.0010, 0.0010, 0.0010,
        0.0010, 1.0000])
Epoch [1/200], Step [651/9375], Loss: 0.0127
source illustration B00000-G00000-R00000-O00000-P00000-000000-000000
target illustration G00000-P00000-O00000-R00000-B00000-000000-000000
plan illustration 00000001000000010000000100000001000000010000000100000001000000010000000100000001000000010000000100000001000000010000000100000001
predicted:  tensor([0.0010, 0.0010, 0.0010, 0.0010, 0.0010, 0.0010, 0.0010, 1.0000, 0.0010,
        0.0010, 0.0010, 0.0010, 0.0010, 0.0010, 0.0010, 1.0000, 0.0010, 0.0010,
        0.0010, 0.0010, 0.0010, 0.0010, 0.0010, 1.0000, 0.0010, 0.0010, 0.0010,
        0.0010, 0.0010, 0.0010, 0.0010, 1.0000, 0.0010, 0.0010, 0.0010, 0.0010,
        0.0010, 0.0010, 0.0010, 1.0000, 0.0010, 0.0010, 0.0010, 0.0010, 0.0010,
        0.0010, 0.0010, 1.0000, 0.0010, 0.0010, 0.0010, 0.0010, 0.0010, 0.0010,
        0.0010, 1.0000, 0.0010, 0.0010, 0.0010, 0.0010, 0.0010, 0.0010, 0.0010,
        1.0000, 0.0010, 0.0010, 0.0010, 0.0010, 0.0010, 0.0010, 0.0010, 1.0000,
        0.0010, 0.0010, 0.0010, 0.0010, 0.0010, 0.0010, 0.0010, 1.0000, 0.0010,
        0.0010, 0.0010, 0.0010, 0.0010, 0.0010, 0.0010, 1.0000, 0.0010, 0.0010,
        0.0010, 0.0010, 0.0010, 0.0010, 0.0010, 1.0000, 0.0010, 0.0010, 0.0010,
        0.0010, 0.0010, 0.0010, 0.0010, 1.0000, 0.0010, 0.0010, 0.0010, 0.0010,
        0.0010, 0.0010, 0.0010, 1.0000, 0.0010, 0.0010, 0.0010, 0.0010, 0.0010,
        0.0010, 0.0010, 1.0000, 0.0010, 0.0010, 0.0010, 0.0010, 0.0010, 0.0010,
        0.0010, 1.0000])
Epoch [1/200], Step [744/9375], Loss: 0.0137
source illustration G00000-P00000-R00000-B00000-O00000-000000-000000
target illustration P00000-B00000-R00000-G00000-000000-000000-000000
plan illustration 01000000000000010000000100000001000000010000000100000001000000010000000100000001000000010000000100000001000000010000000100000001
predicted:  tensor([0.0010, 0.0010, 0.0010, 0.0010, 0.0010, 0.0010, 0.0010, 1.0000, 0.0010,
        0.0010, 0.0010, 0.0010, 0.0010, 0.0010, 0.0010, 1.0000, 0.0010, 0.0010,
        0.0010, 0.0010, 0.0010, 0.0010, 0.0010, 1.0000, 0.0010, 0.0010, 0.0010,
        0.0010, 0.0010, 0.0010, 0.0010, 1.0000, 0.0010, 0.0010, 0.0010, 0.0010,
        0.0010, 0.0010, 0.0010, 1.0000, 0.0010, 0.0010, 0.0010, 0.0010, 0.0010,
        0.0010, 0.0010, 1.0000, 0.0010, 0.0010, 0.0010, 0.0010, 0.0010, 0.0010,
        0.0010, 1.0000, 0.0010, 0.0010, 0.0010, 0.0010, 0.0010, 0.0010, 0.0010,
        1.0000, 0.0010, 0.0010, 0.0010, 0.0010, 0.0010, 0.0010, 0.0010, 1.0000,
        0.0010, 0.0010, 0.0010, 0.0010, 0.0010, 0.0010, 0.0010, 1.0000, 0.0010,
        0.0010, 0.0010, 0.0010, 0.0010, 0.0010, 0.0010, 1.0000, 0.0010, 0.0010,
        0.0010, 0.0010, 0.0010, 0.0010, 0.0010, 1.0000, 0.0010, 0.0010, 0.0010,
        0.0010, 0.0010, 0.0010, 0.0010, 1.0000, 0.0010, 0.0010, 0.0010, 0.0010,
        0.0010, 0.0010, 0.0010, 1.0000, 0.0010, 0.0010, 0.0010, 0.0010, 0.0010,
        0.0010, 0.0010, 1.0000, 0.0010, 0.0010, 0.0010, 0.0010, 0.0010, 0.0010,
        0.0010, 1.0000])
Epoch [1/200], Step [837/9375], Loss: 0.0146
source illustration B00000-Y00000-P00000-R00000-G00000-000000-000000
target illustration B00000-P00000-R00000-Y00000-G00000-000000-000000
plan illustration 00000001000000010000000100000001000000010000000100000001000000010000000100000001000000010000000100000001000000010000000100000001
predicted:  tensor([0.0010, 0.0010, 0.0010, 0.0010, 0.0010, 0.0010, 0.0010, 1.0000, 0.0010,
        0.0010, 0.0010, 0.0010, 0.0010, 0.0010, 0.0010, 1.0000, 0.0010, 0.0010,
        0.0010, 0.0010, 0.0010, 0.0010, 0.0010, 1.0000, 0.0010, 0.0010, 0.0010,
        0.0010, 0.0010, 0.0010, 0.0010, 1.0000, 0.0010, 0.0010, 0.0010, 0.0010,
        0.0010, 0.0010, 0.0010, 1.0000, 0.0010, 0.0010, 0.0010, 0.0010, 0.0010,
        0.0010, 0.0010, 1.0000, 0.0010, 0.0010, 0.0010, 0.0010, 0.0010, 0.0010,
        0.0010, 1.0000, 0.0010, 0.0010, 0.0010, 0.0010, 0.0010, 0.0010, 0.0010,
        1.0000, 0.0010, 0.0010, 0.0010, 0.0010, 0.0010, 0.0010, 0.0010, 1.0000,
        0.0010, 0.0010, 0.0010, 0.0010, 0.0010, 0.0010, 0.0010, 1.0000, 0.0010,
        0.0010, 0.0010, 0.0010, 0.0010, 0.0010, 0.0010, 1.0000, 0.0010, 0.0010,
        0.0010, 0.0010, 0.0010, 0.0010, 0.0010, 1.0000, 0.0010, 0.0010, 0.0010,
        0.0010, 0.0010, 0.0010, 0.0010, 1.0000, 0.0010, 0.0010, 0.0010, 0.0010,
        0.0010, 0.0010, 0.0010, 1.0000, 0.0010, 0.0010, 0.0010, 0.0010, 0.0010,
        0.0010, 0.0010, 1.0000, 0.0010, 0.0010, 0.0010, 0.0010, 0.0010, 0.0010,
        0.0010, 1.0000])
Epoch [1/200], Step [930/9375], Loss: 0.0107
source illustration B00000-Y00000-OR0000-000000-000000-000000-000000
target illustration Y00000-R00000-B00000-O00000-000000-000000-000000
plan illustration 00000010100000000000000100000001000000010000000100000001000000010000000100000001000000010000000100000001000000010000000100000001
predicted:  tensor([0.0010, 0.0010, 0.0010, 0.0010, 0.0010, 0.0010, 0.0010, 1.0000, 0.0010,
        0.0010, 0.0010, 0.0010, 0.0010, 0.0010, 0.0010, 1.0000, 0.0010, 0.0010,
        0.0010, 0.0010, 0.0010, 0.0010, 0.0010, 1.0000, 0.0010, 0.0010, 0.0010,
        0.0010, 0.0010, 0.0010, 0.0010, 1.0000, 0.0010, 0.0010, 0.0010, 0.0010,
        0.0010, 0.0010, 0.0010, 1.0000, 0.0010, 0.0010, 0.0010, 0.0010, 0.0010,
        0.0010, 0.0010, 1.0000, 0.0010, 0.0010, 0.0010, 0.0010, 0.0010, 0.0010,
        0.0010, 1.0000, 0.0010, 0.0010, 0.0010, 0.0010, 0.0010, 0.0010, 0.0010,
        1.0000, 0.0010, 0.0010, 0.0010, 0.0010, 0.0010, 0.0010, 0.0010, 1.0000,
        0.0010, 0.0010, 0.0010, 0.0010, 0.0010, 0.0010, 0.0010, 1.0000, 0.0010,
        0.0010, 0.0010, 0.0010, 0.0010, 0.0010, 0.0010, 1.0000, 0.0010, 0.0010,
        0.0010, 0.0010, 0.0010, 0.0010, 0.0010, 1.0000, 0.0010, 0.0010, 0.0010,
        0.0010, 0.0010, 0.0010, 0.0010, 1.0000, 0.0010, 0.0010, 0.0010, 0.0010,
        0.0010, 0.0010, 0.0010, 1.0000, 0.0010, 0.0010, 0.0010, 0.0010, 0.0010,
        0.0010, 0.0010, 1.0000, 0.0010, 0.0010, 0.0010, 0.0010, 0.0010, 0.0010,
        0.0010, 1.0000])
Epoch [1/200], Step [1023/9375], Loss: 0.0115
source illustration B00000-G00000-Y00000-O00000-P00000-000000-000000
target illustration P00000-Y00000-B00000-G00000-000000-000000-000000
plan illustration 01000000000000010000000100000001000000010000000100000001000000010000000100000001000000010000000100000001000000010000000100000001
predicted:  tensor([0.0010, 0.0010, 0.0010, 0.0010, 0.0010, 0.0010, 0.0010, 1.0000, 0.0010,
        0.0010, 0.0010, 0.0010, 0.0010, 0.0010, 0.0010, 1.0000, 0.0010, 0.0010,
        0.0010, 0.0010, 0.0010, 0.0010, 0.0010, 1.0000, 0.0010, 0.0010, 0.0010,
        0.0010, 0.0010, 0.0010, 0.0010, 1.0000, 0.0010, 0.0010, 0.0010, 0.0010,
        0.0010, 0.0010, 0.0010, 1.0000, 0.0010, 0.0010, 0.0010, 0.0010, 0.0010,
        0.0010, 0.0010, 1.0000, 0.0010, 0.0010, 0.0010, 0.0010, 0.0010, 0.0010,
        0.0010, 1.0000, 0.0010, 0.0010, 0.0010, 0.0010, 0.0010, 0.0010, 0.0010,
        1.0000, 0.0010, 0.0010, 0.0010, 0.0010, 0.0010, 0.0010, 0.0010, 1.0000,
        0.0010, 0.0010, 0.0010, 0.0010, 0.0010, 0.0010, 0.0010, 1.0000, 0.0010,
        0.0010, 0.0010, 0.0010, 0.0010, 0.0010, 0.0010, 1.0000, 0.0010, 0.0010,
        0.0010, 0.0010, 0.0010, 0.0010, 0.0010, 1.0000, 0.0010, 0.0010, 0.0010,
        0.0010, 0.0010, 0.0010, 0.0010, 1.0000, 0.0010, 0.0010, 0.0010, 0.0010,
        0.0010, 0.0010, 0.0010, 1.0000, 0.0010, 0.0010, 0.0010, 0.0010, 0.0010,
        0.0010, 0.0010, 1.0000, 0.0010, 0.0010, 0.0010, 0.0010, 0.0010, 0.0010,
        0.0010, 1.0000])
Epoch [1/200], Step [1116/9375], Loss: 0.0129
source illustration G00000-Y00000-O00000-R00000-B00000-000000-000000
target illustration Y00000-G00000-O00000-B00000-R00000-000000-000000
plan illustration 00000001000000010000000100000001000000010000000100000001000000010000000100000001000000010000000100000001000000010000000100000001
predicted:  tensor([0.0010, 0.0010, 0.0010, 0.0010, 0.0010, 0.0010, 0.0010, 1.0000, 0.0010,
        0.0010, 0.0010, 0.0010, 0.0010, 0.0010, 0.0010, 1.0000, 0.0010, 0.0010,
        0.0010, 0.0010, 0.0010, 0.0010, 0.0010, 1.0000, 0.0010, 0.0010, 0.0010,
        0.0010, 0.0010, 0.0010, 0.0010, 1.0000, 0.0010, 0.0010, 0.0010, 0.0010,
        0.0010, 0.0010, 0.0010, 1.0000, 0.0010, 0.0010, 0.0010, 0.0010, 0.0010,
        0.0010, 0.0010, 1.0000, 0.0010, 0.0010, 0.0010, 0.0010, 0.0010, 0.0010,
        0.0010, 1.0000, 0.0010, 0.0010, 0.0010, 0.0010, 0.0010, 0.0010, 0.0010,
        1.0000, 0.0010, 0.0010, 0.0010, 0.0010, 0.0010, 0.0010, 0.0010, 1.0000,
        0.0010, 0.0010, 0.0010, 0.0010, 0.0010, 0.0010, 0.0010, 1.0000, 0.0010,
        0.0010, 0.0010, 0.0010, 0.0010, 0.0010, 0.0010, 1.0000, 0.0010, 0.0010,
        0.0010, 0.0010, 0.0010, 0.0010, 0.0010, 1.0000, 0.0010, 0.0010, 0.0010,
        0.0010, 0.0010, 0.0010, 0.0010, 1.0000, 0.0010, 0.0010, 0.0010, 0.0010,
        0.0010, 0.0010, 0.0010, 1.0000, 0.0010, 0.0010, 0.0010, 0.0010, 0.0010,
        0.0010, 0.0010, 1.0000, 0.0010, 0.0010, 0.0010, 0.0010, 0.0010, 0.0010,
        0.0010, 1.0000])
Epoch [1/200], Step [1209/9375], Loss: 0.0168
source illustration Y00000-P00000-R00000-G00000-O00000-000000-000000
target illustration Y00000-R00000-P00000-G00000-O00000-000000-000000
plan illustration 00000001000000010000000100000001000000010000000100000001000000010000000100000001000000010000000100000001000000010000000100000001
predicted:  tensor([0.0010, 0.0010, 0.0010, 0.0010, 0.0010, 0.0010, 0.0010, 1.0000, 0.0010,
        0.0010, 0.0010, 0.0010, 0.0010, 0.0010, 0.0010, 1.0000, 0.0010, 0.0010,
        0.0010, 0.0010, 0.0010, 0.0010, 0.0010, 1.0000, 0.0010, 0.0010, 0.0010,
        0.0010, 0.0010, 0.0010, 0.0010, 1.0000, 0.0010, 0.0010, 0.0010, 0.0010,
        0.0010, 0.0010, 0.0010, 1.0000, 0.0010, 0.0010, 0.0010, 0.0010, 0.0010,
        0.0010, 0.0010, 1.0000, 0.0010, 0.0010, 0.0010, 0.0010, 0.0010, 0.0010,
        0.0010, 1.0000, 0.0010, 0.0010, 0.0010, 0.0010, 0.0010, 0.0010, 0.0010,
        1.0000, 0.0010, 0.0010, 0.0010, 0.0010, 0.0010, 0.0010, 0.0010, 1.0000,
        0.0010, 0.0010, 0.0010, 0.0010, 0.0010, 0.0010, 0.0010, 1.0000, 0.0010,
        0.0010, 0.0010, 0.0010, 0.0010, 0.0010, 0.0010, 1.0000, 0.0010, 0.0010,
        0.0010, 0.0010, 0.0010, 0.0010, 0.0010, 1.0000, 0.0010, 0.0010, 0.0010,
        0.0010, 0.0010, 0.0010, 0.0010, 1.0000, 0.0010, 0.0010, 0.0010, 0.0010,
        0.0010, 0.0010, 0.0010, 1.0000, 0.0010, 0.0010, 0.0010, 0.0010, 0.0010,
        0.0010, 0.0010, 1.0000, 0.0010, 0.0010, 0.0010, 0.0010, 0.0010, 0.0010,
        0.0010, 1.0000])
Epoch [1/200], Step [1302/9375], Loss: 0.0141
source illustration B00000-O00000-G00000-P00000-Y00000-000000-000000
target illustration Y00000-P00000-O00000-B00000-G00000-000000-000000
plan illustration 00000001000000010000000100000001000000010000000100000001000000010000000100000001000000010000000100000001000000010000000100000001
predicted:  tensor([0.0010, 0.0010, 0.0010, 0.0010, 0.0010, 0.0010, 0.0010, 1.0000, 0.0010,
        0.0010, 0.0010, 0.0010, 0.0010, 0.0010, 0.0010, 1.0000, 0.0010, 0.0010,
        0.0010, 0.0010, 0.0010, 0.0010, 0.0010, 1.0000, 0.0010, 0.0010, 0.0010,
        0.0010, 0.0010, 0.0010, 0.0010, 1.0000, 0.0010, 0.0010, 0.0010, 0.0010,
        0.0010, 0.0010, 0.0010, 1.0000, 0.0010, 0.0010, 0.0010, 0.0010, 0.0010,
        0.0010, 0.0010, 1.0000, 0.0010, 0.0010, 0.0010, 0.0010, 0.0010, 0.0010,
        0.0010, 1.0000, 0.0010, 0.0010, 0.0010, 0.0010, 0.0010, 0.0010, 0.0010,
        1.0000, 0.0010, 0.0010, 0.0010, 0.0010, 0.0010, 0.0010, 0.0010, 1.0000,
        0.0010, 0.0010, 0.0010, 0.0010, 0.0010, 0.0010, 0.0010, 1.0000, 0.0010,
        0.0010, 0.0010, 0.0010, 0.0010, 0.0010, 0.0010, 1.0000, 0.0010, 0.0010,
        0.0010, 0.0010, 0.0010, 0.0010, 0.0010, 1.0000, 0.0010, 0.0010, 0.0010,
        0.0010, 0.0010, 0.0010, 0.0010, 1.0000, 0.0010, 0.0010, 0.0010, 0.0010,
        0.0010, 0.0010, 0.0010, 1.0000, 0.0010, 0.0010, 0.0010, 0.0010, 0.0010,
        0.0010, 0.0010, 1.0000, 0.0010, 0.0010, 0.0010, 0.0010, 0.0010, 0.0010,
        0.0010, 1.0000])
Epoch [1/200], Step [1395/9375], Loss: 0.0124
source illustration O00000-Y00000-R00000-B00000-P00000-000000-000000
target illustration B00000-O00000-P00000-Y00000-R00000-000000-000000
plan illustration 00000001000000010000000100000001000000010000000100000001000000010000000100000001000000010000000100000001000000010000000100000001
predicted:  tensor([0.0010, 0.0010, 0.0010, 0.0010, 0.0010, 0.0010, 0.0010, 1.0000, 0.0010,
        0.0010, 0.0010, 0.0010, 0.0010, 0.0010, 0.0010, 1.0000, 0.0010, 0.0010,
        0.0010, 0.0010, 0.0010, 0.0010, 0.0010, 1.0000, 0.0010, 0.0010, 0.0010,
        0.0010, 0.0010, 0.0010, 0.0010, 1.0000, 0.0010, 0.0010, 0.0010, 0.0010,
        0.0010, 0.0010, 0.0010, 1.0000, 0.0010, 0.0010, 0.0010, 0.0010, 0.0010,
        0.0010, 0.0010, 1.0000, 0.0010, 0.0010, 0.0010, 0.0010, 0.0010, 0.0010,
        0.0010, 1.0000, 0.0010, 0.0010, 0.0010, 0.0010, 0.0010, 0.0010, 0.0010,
        1.0000, 0.0010, 0.0010, 0.0010, 0.0010, 0.0010, 0.0010, 0.0010, 1.0000,
        0.0010, 0.0010, 0.0010, 0.0010, 0.0010, 0.0010, 0.0010, 1.0000, 0.0010,
        0.0010, 0.0010, 0.0010, 0.0010, 0.0010, 0.0010, 1.0000, 0.0010, 0.0010,
        0.0010, 0.0010, 0.0010, 0.0010, 0.0010, 1.0000, 0.0010, 0.0010, 0.0010,
        0.0010, 0.0010, 0.0010, 0.0010, 1.0000, 0.0010, 0.0010, 0.0010, 0.0010,
        0.0010, 0.0010, 0.0010, 1.0000, 0.0010, 0.0010, 0.0010, 0.0010, 0.0010,
        0.0010, 0.0010, 1.0000, 0.0010, 0.0010, 0.0010, 0.0010, 0.0010, 0.0010,
        0.0010, 1.0000])
Epoch [1/200], Step [1488/9375], Loss: 0.0129
source illustration P00000-O00000-R00000-YB0000-000000-000000-000000
target illustration P00000-R00000-B00000-Y00000-O00000-000000-000000
plan illustration 00001000100000000000000100000001000000010000000100000001000000010000000100000001000000010000000100000001000000010000000100000001
predicted:  tensor([0.0010, 0.0010, 0.0010, 0.0010, 0.0010, 0.0010, 0.0010, 1.0000, 0.0010,
        0.0010, 0.0010, 0.0010, 0.0010, 0.0010, 0.0010, 1.0000, 0.0010, 0.0010,
        0.0010, 0.0010, 0.0010, 0.0010, 0.0010, 1.0000, 0.0010, 0.0010, 0.0010,
        0.0010, 0.0010, 0.0010, 0.0010, 1.0000, 0.0010, 0.0010, 0.0010, 0.0010,
        0.0010, 0.0010, 0.0010, 1.0000, 0.0010, 0.0010, 0.0010, 0.0010, 0.0010,
        0.0010, 0.0010, 1.0000, 0.0010, 0.0010, 0.0010, 0.0010, 0.0010, 0.0010,
        0.0010, 1.0000, 0.0010, 0.0010, 0.0010, 0.0010, 0.0010, 0.0010, 0.0010,
        1.0000, 0.0010, 0.0010, 0.0010, 0.0010, 0.0010, 0.0010, 0.0010, 1.0000,
        0.0010, 0.0010, 0.0010, 0.0010, 0.0010, 0.0010, 0.0010, 1.0000, 0.0010,
        0.0010, 0.0010, 0.0010, 0.0010, 0.0010, 0.0010, 1.0000, 0.0010, 0.0010,
        0.0010, 0.0010, 0.0010, 0.0010, 0.0010, 1.0000, 0.0010, 0.0010, 0.0010,
        0.0010, 0.0010, 0.0010, 0.0010, 1.0000, 0.0010, 0.0010, 0.0010, 0.0010,
        0.0010, 0.0010, 0.0010, 1.0000, 0.0010, 0.0010, 0.0010, 0.0010, 0.0010,
        0.0010, 0.0010, 1.0000, 0.0010, 0.0010, 0.0010, 0.0010, 0.0010, 0.0010,
        0.0010, 1.0000])
Epoch [1/200], Step [1581/9375], Loss: 0.0134
source illustration O00000-B00000-PG0000-000000-000000-000000-000000
target illustration O00000-G00000-B00000-P00000-000000-000000-000000
plan illustration 00000100100000000000000100000001000000010000000100000001000000010000000100000001000000010000000100000001000000010000000100000001
predicted:  tensor([0.0010, 0.0010, 0.0010, 0.0010, 0.0010, 0.0010, 0.0010, 1.0000, 0.0010,
        0.0010, 0.0010, 0.0010, 0.0010, 0.0010, 0.0010, 1.0000, 0.0010, 0.0010,
        0.0010, 0.0010, 0.0010, 0.0010, 0.0010, 1.0000, 0.0010, 0.0010, 0.0010,
        0.0010, 0.0010, 0.0010, 0.0010, 1.0000, 0.0010, 0.0010, 0.0010, 0.0010,
        0.0010, 0.0010, 0.0010, 1.0000, 0.0010, 0.0010, 0.0010, 0.0010, 0.0010,
        0.0010, 0.0010, 1.0000, 0.0010, 0.0010, 0.0010, 0.0010, 0.0010, 0.0010,
        0.0010, 1.0000, 0.0010, 0.0010, 0.0010, 0.0010, 0.0010, 0.0010, 0.0010,
        1.0000, 0.0010, 0.0010, 0.0010, 0.0010, 0.0010, 0.0010, 0.0010, 1.0000,
        0.0010, 0.0010, 0.0010, 0.0010, 0.0010, 0.0010, 0.0010, 1.0000, 0.0010,
        0.0010, 0.0010, 0.0010, 0.0010, 0.0010, 0.0010, 1.0000, 0.0010, 0.0010,
        0.0010, 0.0010, 0.0010, 0.0010, 0.0010, 1.0000, 0.0010, 0.0010, 0.0010,
        0.0010, 0.0010, 0.0010, 0.0010, 1.0000, 0.0010, 0.0010, 0.0010, 0.0010,
        0.0010, 0.0010, 0.0010, 1.0000, 0.0010, 0.0010, 0.0010, 0.0010, 0.0010,
        0.0010, 0.0010, 1.0000, 0.0010, 0.0010, 0.0010, 0.0010, 0.0010, 0.0010,
        0.0010, 1.0000])
Epoch [1/200], Step [1674/9375], Loss: 0.0141
source illustration R00000-B00000-O00000-Y00000-G00000-000000-000000
target illustration R00000-O00000-G00000-Y00000-000000-000000-000000
plan illustration 00001000000000010000000100000001000000010000000100000001000000010000000100000001000000010000000100000001000000010000000100000001
predicted:  tensor([0.0010, 0.0010, 0.0010, 0.0010, 0.0010, 0.0010, 0.0010, 1.0000, 0.0010,
        0.0010, 0.0010, 0.0010, 0.0010, 0.0010, 0.0010, 1.0000, 0.0010, 0.0010,
        0.0010, 0.0010, 0.0010, 0.0010, 0.0010, 1.0000, 0.0010, 0.0010, 0.0010,
        0.0010, 0.0010, 0.0010, 0.0010, 1.0000, 0.0010, 0.0010, 0.0010, 0.0010,
        0.0010, 0.0010, 0.0010, 1.0000, 0.0010, 0.0010, 0.0010, 0.0010, 0.0010,
        0.0010, 0.0010, 1.0000, 0.0010, 0.0010, 0.0010, 0.0010, 0.0010, 0.0010,
        0.0010, 1.0000, 0.0010, 0.0010, 0.0010, 0.0010, 0.0010, 0.0010, 0.0010,
        1.0000, 0.0010, 0.0010, 0.0010, 0.0010, 0.0010, 0.0010, 0.0010, 1.0000,
        0.0010, 0.0010, 0.0010, 0.0010, 0.0010, 0.0010, 0.0010, 1.0000, 0.0010,
        0.0010, 0.0010, 0.0010, 0.0010, 0.0010, 0.0010, 1.0000, 0.0010, 0.0010,
        0.0010, 0.0010, 0.0010, 0.0010, 0.0010, 1.0000, 0.0010, 0.0010, 0.0010,
        0.0010, 0.0010, 0.0010, 0.0010, 1.0000, 0.0010, 0.0010, 0.0010, 0.0010,
        0.0010, 0.0010, 0.0010, 1.0000, 0.0010, 0.0010, 0.0010, 0.0010, 0.0010,
        0.0010, 0.0010, 1.0000, 0.0010, 0.0010, 0.0010, 0.0010, 0.0010, 0.0010,
        0.0010, 1.0000])
Epoch [1/200], Step [1767/9375], Loss: 0.0134
source illustration P00000-RY0000-GB0000-000000-000000-000000-000000
target illustration P00000-GB0000-RY0000-000000-000000-000000-000000
plan illustration 00000001000000010000000100000001000000010000000100000001000000010000000100000001000000010000000100000001000000010000000100000001
predicted:  tensor([0.0010, 0.0010, 0.0010, 0.0010, 0.0010, 0.0010, 0.0010, 1.0000, 0.0010,
        0.0010, 0.0010, 0.0010, 0.0010, 0.0010, 0.0010, 1.0000, 0.0010, 0.0010,
        0.0010, 0.0010, 0.0010, 0.0010, 0.0010, 1.0000, 0.0010, 0.0010, 0.0010,
        0.0010, 0.0010, 0.0010, 0.0010, 1.0000, 0.0010, 0.0010, 0.0010, 0.0010,
        0.0010, 0.0010, 0.0010, 1.0000, 0.0010, 0.0010, 0.0010, 0.0010, 0.0010,
        0.0010, 0.0010, 1.0000, 0.0010, 0.0010, 0.0010, 0.0010, 0.0010, 0.0010,
        0.0010, 1.0000, 0.0010, 0.0010, 0.0010, 0.0010, 0.0010, 0.0010, 0.0010,
        1.0000, 0.0010, 0.0010, 0.0010, 0.0010, 0.0010, 0.0010, 0.0010, 1.0000,
        0.0010, 0.0010, 0.0010, 0.0010, 0.0010, 0.0010, 0.0010, 1.0000, 0.0010,
        0.0010, 0.0010, 0.0010, 0.0010, 0.0010, 0.0010, 1.0000, 0.0010, 0.0010,
        0.0010, 0.0010, 0.0010, 0.0010, 0.0010, 1.0000, 0.0010, 0.0010, 0.0010,
        0.0010, 0.0010, 0.0010, 0.0010, 1.0000, 0.0010, 0.0010, 0.0010, 0.0010,
        0.0010, 0.0010, 0.0010, 1.0000, 0.0010, 0.0010, 0.0010, 0.0010, 0.0010,
        0.0010, 0.0010, 1.0000, 0.0010, 0.0010, 0.0010, 0.0010, 0.0010, 0.0010,
        0.0010, 1.0000])
Epoch [1/200], Step [1860/9375], Loss: 0.0115
source illustration R00000-O00000-G00000-B00000-Y00000-000000-000000
target illustration R00000-B00000-O00000-Y00000-G00000-000000-000000
plan illustration 00000001000000010000000100000001000000010000000100000001000000010000000100000001000000010000000100000001000000010000000100000001
predicted:  tensor([0.0010, 0.0010, 0.0010, 0.0010, 0.0010, 0.0010, 0.0010, 1.0000, 0.0010,
        0.0010, 0.0010, 0.0010, 0.0010, 0.0010, 0.0010, 1.0000, 0.0010, 0.0010,
        0.0010, 0.0010, 0.0010, 0.0010, 0.0010, 1.0000, 0.0010, 0.0010, 0.0010,
        0.0010, 0.0010, 0.0010, 0.0010, 1.0000, 0.0010, 0.0010, 0.0010, 0.0010,
        0.0010, 0.0010, 0.0010, 1.0000, 0.0010, 0.0010, 0.0010, 0.0010, 0.0010,
        0.0010, 0.0010, 1.0000, 0.0010, 0.0010, 0.0010, 0.0010, 0.0010, 0.0010,
        0.0010, 1.0000, 0.0010, 0.0010, 0.0010, 0.0010, 0.0010, 0.0010, 0.0010,
        1.0000, 0.0010, 0.0010, 0.0010, 0.0010, 0.0010, 0.0010, 0.0010, 1.0000,
        0.0010, 0.0010, 0.0010, 0.0010, 0.0010, 0.0010, 0.0010, 1.0000, 0.0010,
        0.0010, 0.0010, 0.0010, 0.0010, 0.0010, 0.0010, 1.0000, 0.0010, 0.0010,
        0.0010, 0.0010, 0.0010, 0.0010, 0.0010, 1.0000, 0.0010, 0.0010, 0.0010,
        0.0010, 0.0010, 0.0010, 0.0010, 1.0000, 0.0010, 0.0010, 0.0010, 0.0010,
        0.0010, 0.0010, 0.0010, 1.0000, 0.0010, 0.0010, 0.0010, 0.0010, 0.0010,
        0.0010, 0.0010, 1.0000, 0.0010, 0.0010, 0.0010, 0.0010, 0.0010, 0.0010,
        0.0010, 1.0000])
Epoch [1/200], Step [1953/9375], Loss: 0.0132
source illustration P00000-B00000-R00000-O00000-G00000-000000-000000
target illustration R00000-O00000-P00000-BG0000-000000-000000-000000
plan illustration 00000100000010000000000100000001000000010000000100000001000000010000000100000001000000010000000100000001000000010000000100000001
predicted:  tensor([0.0010, 0.0010, 0.0010, 0.0010, 0.0010, 0.0010, 0.0010, 1.0000, 0.0010,
        0.0010, 0.0010, 0.0010, 0.0010, 0.0010, 0.0010, 1.0000, 0.0010, 0.0010,
        0.0010, 0.0010, 0.0010, 0.0010, 0.0010, 1.0000, 0.0010, 0.0010, 0.0010,
        0.0010, 0.0010, 0.0010, 0.0010, 1.0000, 0.0010, 0.0010, 0.0010, 0.0010,
        0.0010, 0.0010, 0.0010, 1.0000, 0.0010, 0.0010, 0.0010, 0.0010, 0.0010,
        0.0010, 0.0010, 1.0000, 0.0010, 0.0010, 0.0010, 0.0010, 0.0010, 0.0010,
        0.0010, 1.0000, 0.0010, 0.0010, 0.0010, 0.0010, 0.0010, 0.0010, 0.0010,
        1.0000, 0.0010, 0.0010, 0.0010, 0.0010, 0.0010, 0.0010, 0.0010, 1.0000,
        0.0010, 0.0010, 0.0010, 0.0010, 0.0010, 0.0010, 0.0010, 1.0000, 0.0010,
        0.0010, 0.0010, 0.0010, 0.0010, 0.0010, 0.0010, 1.0000, 0.0010, 0.0010,
        0.0010, 0.0010, 0.0010, 0.0010, 0.0010, 1.0000, 0.0010, 0.0010, 0.0010,
        0.0010, 0.0010, 0.0010, 0.0010, 1.0000, 0.0010, 0.0010, 0.0010, 0.0010,
        0.0010, 0.0010, 0.0010, 1.0000, 0.0010, 0.0010, 0.0010, 0.0010, 0.0010,
        0.0010, 0.0010, 1.0000, 0.0010, 0.0010, 0.0010, 0.0010, 0.0010, 0.0010,
        0.0010, 1.0000])
Epoch [1/200], Step [2046/9375], Loss: 0.0120
source illustration G00000-P00000-R00000-YB0000-000000-000000-000000
target illustration B00000-Y00000-P00000-R00000-G00000-000000-000000
plan illustration 00001000100000000000000100000001000000010000000100000001000000010000000100000001000000010000000100000001000000010000000100000001
predicted:  tensor([0.0010, 0.0010, 0.0010, 0.0010, 0.0010, 0.0010, 0.0010, 1.0000, 0.0010,
        0.0010, 0.0010, 0.0010, 0.0010, 0.0010, 0.0010, 1.0000, 0.0010, 0.0010,
        0.0010, 0.0010, 0.0010, 0.0010, 0.0010, 1.0000, 0.0010, 0.0010, 0.0010,
        0.0010, 0.0010, 0.0010, 0.0010, 1.0000, 0.0010, 0.0010, 0.0010, 0.0010,
        0.0010, 0.0010, 0.0010, 1.0000, 0.0010, 0.0010, 0.0010, 0.0010, 0.0010,
        0.0010, 0.0010, 1.0000, 0.0010, 0.0010, 0.0010, 0.0010, 0.0010, 0.0010,
        0.0010, 1.0000, 0.0010, 0.0010, 0.0010, 0.0010, 0.0010, 0.0010, 0.0010,
        1.0000, 0.0010, 0.0010, 0.0010, 0.0010, 0.0010, 0.0010, 0.0010, 1.0000,
        0.0010, 0.0010, 0.0010, 0.0010, 0.0010, 0.0010, 0.0010, 1.0000, 0.0010,
        0.0010, 0.0010, 0.0010, 0.0010, 0.0010, 0.0010, 1.0000, 0.0010, 0.0010,
        0.0010, 0.0010, 0.0010, 0.0010, 0.0010, 1.0000, 0.0010, 0.0010, 0.0010,
        0.0010, 0.0010, 0.0010, 0.0010, 1.0000, 0.0010, 0.0010, 0.0010, 0.0010,
        0.0010, 0.0010, 0.0010, 1.0000, 0.0010, 0.0010, 0.0010, 0.0010, 0.0010,
        0.0010, 0.0010, 1.0000, 0.0010, 0.0010, 0.0010, 0.0010, 0.0010, 0.0010,
        0.0010, 1.0000])
Epoch [1/200], Step [2139/9375], Loss: 0.0137
source illustration O00000-B00000-G00000-P00000-Y00000-000000-000000
target illustration P00000-Y00000-B00000-GO0000-000000-000000-000000
plan illustration 01000000000001000000000100000001000000010000000100000001000000010000000100000001000000010000000100000001000000010000000100000001
predicted:  tensor([0.0010, 0.0010, 0.0010, 0.0010, 0.0010, 0.0010, 0.0010, 1.0000, 0.0010,
        0.0010, 0.0010, 0.0010, 0.0010, 0.0010, 0.0010, 1.0000, 0.0010, 0.0010,
        0.0010, 0.0010, 0.0010, 0.0010, 0.0010, 1.0000, 0.0010, 0.0010, 0.0010,
        0.0010, 0.0010, 0.0010, 0.0010, 1.0000, 0.0010, 0.0010, 0.0010, 0.0010,
        0.0010, 0.0010, 0.0010, 1.0000, 0.0010, 0.0010, 0.0010, 0.0010, 0.0010,
        0.0010, 0.0010, 1.0000, 0.0010, 0.0010, 0.0010, 0.0010, 0.0010, 0.0010,
        0.0010, 1.0000, 0.0010, 0.0010, 0.0010, 0.0010, 0.0010, 0.0010, 0.0010,
        1.0000, 0.0010, 0.0010, 0.0010, 0.0010, 0.0010, 0.0010, 0.0010, 1.0000,
        0.0010, 0.0010, 0.0010, 0.0010, 0.0010, 0.0010, 0.0010, 1.0000, 0.0010,
        0.0010, 0.0010, 0.0010, 0.0010, 0.0010, 0.0010, 1.0000, 0.0010, 0.0010,
        0.0010, 0.0010, 0.0010, 0.0010, 0.0010, 1.0000, 0.0010, 0.0010, 0.0010,
        0.0010, 0.0010, 0.0010, 0.0010, 1.0000, 0.0010, 0.0010, 0.0010, 0.0010,
        0.0010, 0.0010, 0.0010, 1.0000, 0.0010, 0.0010, 0.0010, 0.0010, 0.0010,
        0.0010, 0.0010, 1.0000, 0.0010, 0.0010, 0.0010, 0.0010, 0.0010, 0.0010,
        0.0010, 1.0000])
Epoch [1/200], Step [2232/9375], Loss: 0.0124
source illustration R00000-G00000-O00000-B00000-Y00000-000000-000000
target illustration G00000-R00000-Y00000-O00000-000000-000000-000000
plan illustration 00001000000000010000000100000001000000010000000100000001000000010000000100000001000000010000000100000001000000010000000100000001
predicted:  tensor([0.0010, 0.0010, 0.0010, 0.0010, 0.0010, 0.0010, 0.0010, 1.0000, 0.0010,
        0.0010, 0.0010, 0.0010, 0.0010, 0.0010, 0.0010, 1.0000, 0.0010, 0.0010,
        0.0010, 0.0010, 0.0010, 0.0010, 0.0010, 1.0000, 0.0010, 0.0010, 0.0010,
        0.0010, 0.0010, 0.0010, 0.0010, 1.0000, 0.0010, 0.0010, 0.0010, 0.0010,
        0.0010, 0.0010, 0.0010, 1.0000, 0.0010, 0.0010, 0.0010, 0.0010, 0.0010,
        0.0010, 0.0010, 1.0000, 0.0010, 0.0010, 0.0010, 0.0010, 0.0010, 0.0010,
        0.0010, 1.0000, 0.0010, 0.0010, 0.0010, 0.0010, 0.0010, 0.0010, 0.0010,
        1.0000, 0.0010, 0.0010, 0.0010, 0.0010, 0.0010, 0.0010, 0.0010, 1.0000,
        0.0010, 0.0010, 0.0010, 0.0010, 0.0010, 0.0010, 0.0010, 1.0000, 0.0010,
        0.0010, 0.0010, 0.0010, 0.0010, 0.0010, 0.0010, 1.0000, 0.0010, 0.0010,
        0.0010, 0.0010, 0.0010, 0.0010, 0.0010, 1.0000, 0.0010, 0.0010, 0.0010,
        0.0010, 0.0010, 0.0010, 0.0010, 1.0000, 0.0010, 0.0010, 0.0010, 0.0010,
        0.0010, 0.0010, 0.0010, 1.0000, 0.0010, 0.0010, 0.0010, 0.0010, 0.0010,
        0.0010, 0.0010, 1.0000, 0.0010, 0.0010, 0.0010, 0.0010, 0.0010, 0.0010,
        0.0010, 1.0000])
Epoch [1/200], Step [2325/9375], Loss: 0.0144
source illustration B00000-P00000-O00000-Y00000-G00000-000000-000000
target illustration B00000-Y00000-G00000-O00000-P00000-000000-000000
plan illustration 00000001000000010000000100000001000000010000000100000001000000010000000100000001000000010000000100000001000000010000000100000001
predicted:  tensor([0.0010, 0.0010, 0.0010, 0.0010, 0.0010, 0.0010, 0.0010, 1.0000, 0.0010,
        0.0010, 0.0010, 0.0010, 0.0010, 0.0010, 0.0010, 1.0000, 0.0010, 0.0010,
        0.0010, 0.0010, 0.0010, 0.0010, 0.0010, 1.0000, 0.0010, 0.0010, 0.0010,
        0.0010, 0.0010, 0.0010, 0.0010, 1.0000, 0.0010, 0.0010, 0.0010, 0.0010,
        0.0010, 0.0010, 0.0010, 1.0000, 0.0010, 0.0010, 0.0010, 0.0010, 0.0010,
        0.0010, 0.0010, 1.0000, 0.0010, 0.0010, 0.0010, 0.0010, 0.0010, 0.0010,
        0.0010, 1.0000, 0.0010, 0.0010, 0.0010, 0.0010, 0.0010, 0.0010, 0.0010,
        1.0000, 0.0010, 0.0010, 0.0010, 0.0010, 0.0010, 0.0010, 0.0010, 1.0000,
        0.0010, 0.0010, 0.0010, 0.0010, 0.0010, 0.0010, 0.0010, 1.0000, 0.0010,
        0.0010, 0.0010, 0.0010, 0.0010, 0.0010, 0.0010, 1.0000, 0.0010, 0.0010,
        0.0010, 0.0010, 0.0010, 0.0010, 0.0010, 1.0000, 0.0010, 0.0010, 0.0010,
        0.0010, 0.0010, 0.0010, 0.0010, 1.0000, 0.0010, 0.0010, 0.0010, 0.0010,
        0.0010, 0.0010, 0.0010, 1.0000, 0.0010, 0.0010, 0.0010, 0.0010, 0.0010,
        0.0010, 0.0010, 1.0000, 0.0010, 0.0010, 0.0010, 0.0010, 0.0010, 0.0010,
        0.0010, 1.0000])
Epoch [1/200], Step [2418/9375], Loss: 0.0134
source illustration R00000-G00000-P00000-BO0000-000000-000000-000000
target illustration O00000-G00000-P00000-B00000-R00000-000000-000000
plan illustration 01000000100000000000000100000001000000010000000100000001000000010000000100000001000000010000000100000001000000010000000100000001
predicted:  tensor([0.0010, 0.0010, 0.0010, 0.0010, 0.0010, 0.0010, 0.0010, 1.0000, 0.0010,
        0.0010, 0.0010, 0.0010, 0.0010, 0.0010, 0.0010, 1.0000, 0.0010, 0.0010,
        0.0010, 0.0010, 0.0010, 0.0010, 0.0010, 1.0000, 0.0010, 0.0010, 0.0010,
        0.0010, 0.0010, 0.0010, 0.0010, 1.0000, 0.0010, 0.0010, 0.0010, 0.0010,
        0.0010, 0.0010, 0.0010, 1.0000, 0.0010, 0.0010, 0.0010, 0.0010, 0.0010,
        0.0010, 0.0010, 1.0000, 0.0010, 0.0010, 0.0010, 0.0010, 0.0010, 0.0010,
        0.0010, 1.0000, 0.0010, 0.0010, 0.0010, 0.0010, 0.0010, 0.0010, 0.0010,
        1.0000, 0.0010, 0.0010, 0.0010, 0.0010, 0.0010, 0.0010, 0.0010, 1.0000,
        0.0010, 0.0010, 0.0010, 0.0010, 0.0010, 0.0010, 0.0010, 1.0000, 0.0010,
        0.0010, 0.0010, 0.0010, 0.0010, 0.0010, 0.0010, 1.0000, 0.0010, 0.0010,
        0.0010, 0.0010, 0.0010, 0.0010, 0.0010, 1.0000, 0.0010, 0.0010, 0.0010,
        0.0010, 0.0010, 0.0010, 0.0010, 1.0000, 0.0010, 0.0010, 0.0010, 0.0010,
        0.0010, 0.0010, 0.0010, 1.0000, 0.0010, 0.0010, 0.0010, 0.0010, 0.0010,
        0.0010, 0.0010, 1.0000, 0.0010, 0.0010, 0.0010, 0.0010, 0.0010, 0.0010,
        0.0010, 1.0000])
Epoch [1/200], Step [2511/9375], Loss: 0.0144
source illustration O00000-B00000-G00000-P00000-Y00000-000000-000000
target illustration P00000-G00000-O00000-Y00000-B00000-000000-000000
plan illustration 00000001000000010000000100000001000000010000000100000001000000010000000100000001000000010000000100000001000000010000000100000001
predicted:  tensor([0.0010, 0.0010, 0.0010, 0.0010, 0.0010, 0.0010, 0.0010, 1.0000, 0.0010,
        0.0010, 0.0010, 0.0010, 0.0010, 0.0010, 0.0010, 1.0000, 0.0010, 0.0010,
        0.0010, 0.0010, 0.0010, 0.0010, 0.0010, 1.0000, 0.0010, 0.0010, 0.0010,
        0.0010, 0.0010, 0.0010, 0.0010, 1.0000, 0.0010, 0.0010, 0.0010, 0.0010,
        0.0010, 0.0010, 0.0010, 1.0000, 0.0010, 0.0010, 0.0010, 0.0010, 0.0010,
        0.0010, 0.0010, 1.0000, 0.0010, 0.0010, 0.0010, 0.0010, 0.0010, 0.0010,
        0.0010, 1.0000, 0.0010, 0.0010, 0.0010, 0.0010, 0.0010, 0.0010, 0.0010,
        1.0000, 0.0010, 0.0010, 0.0010, 0.0010, 0.0010, 0.0010, 0.0010, 1.0000,
        0.0010, 0.0010, 0.0010, 0.0010, 0.0010, 0.0010, 0.0010, 1.0000, 0.0010,
        0.0010, 0.0010, 0.0010, 0.0010, 0.0010, 0.0010, 1.0000, 0.0010, 0.0010,
        0.0010, 0.0010, 0.0010, 0.0010, 0.0010, 1.0000, 0.0010, 0.0010, 0.0010,
        0.0010, 0.0010, 0.0010, 0.0010, 1.0000, 0.0010, 0.0010, 0.0010, 0.0010,
        0.0010, 0.0010, 0.0010, 1.0000, 0.0010, 0.0010, 0.0010, 0.0010, 0.0010,
        0.0010, 0.0010, 1.0000, 0.0010, 0.0010, 0.0010, 0.0010, 0.0010, 0.0010,
        0.0010, 1.0000])
Epoch [1/200], Step [2604/9375], Loss: 0.0120
source illustration Y00000-R00000-B00000-O00000-G00000-000000-000000
target illustration Y00000-O00000-B00000-R00000-000000-000000-000000
plan illustration 00000100000000010000000100000001000000010000000100000001000000010000000100000001000000010000000100000001000000010000000100000001
predicted:  tensor([0.0010, 0.0010, 0.0010, 0.0010, 0.0010, 0.0010, 0.0010, 1.0000, 0.0010,
        0.0010, 0.0010, 0.0010, 0.0010, 0.0010, 0.0010, 1.0000, 0.0010, 0.0010,
        0.0010, 0.0010, 0.0010, 0.0010, 0.0010, 1.0000, 0.0010, 0.0010, 0.0010,
        0.0010, 0.0010, 0.0010, 0.0010, 1.0000, 0.0010, 0.0010, 0.0010, 0.0010,
        0.0010, 0.0010, 0.0010, 1.0000, 0.0010, 0.0010, 0.0010, 0.0010, 0.0010,
        0.0010, 0.0010, 1.0000, 0.0010, 0.0010, 0.0010, 0.0010, 0.0010, 0.0010,
        0.0010, 1.0000, 0.0010, 0.0010, 0.0010, 0.0010, 0.0010, 0.0010, 0.0010,
        1.0000, 0.0010, 0.0010, 0.0010, 0.0010, 0.0010, 0.0010, 0.0010, 1.0000,
        0.0010, 0.0010, 0.0010, 0.0010, 0.0010, 0.0010, 0.0010, 1.0000, 0.0010,
        0.0010, 0.0010, 0.0010, 0.0010, 0.0010, 0.0010, 1.0000, 0.0010, 0.0010,
        0.0010, 0.0010, 0.0010, 0.0010, 0.0010, 1.0000, 0.0010, 0.0010, 0.0010,
        0.0010, 0.0010, 0.0010, 0.0010, 1.0000, 0.0010, 0.0010, 0.0010, 0.0010,
        0.0010, 0.0010, 0.0010, 1.0000, 0.0010, 0.0010, 0.0010, 0.0010, 0.0010,
        0.0010, 0.0010, 1.0000, 0.0010, 0.0010, 0.0010, 0.0010, 0.0010, 0.0010,
        0.0010, 1.0000])
Epoch [1/200], Step [2697/9375], Loss: 0.0102
source illustration O00000-Y00000-G00000-R00000-B00000-000000-000000
target illustration G00000-Y00000-B00000-R00000-O00000-000000-000000
plan illustration 00000001000000010000000100000001000000010000000100000001000000010000000100000001000000010000000100000001000000010000000100000001
predicted:  tensor([0.0010, 0.0010, 0.0010, 0.0010, 0.0010, 0.0010, 0.0010, 1.0000, 0.0010,
        0.0010, 0.0010, 0.0010, 0.0010, 0.0010, 0.0010, 1.0000, 0.0010, 0.0010,
        0.0010, 0.0010, 0.0010, 0.0010, 0.0010, 1.0000, 0.0010, 0.0010, 0.0010,
        0.0010, 0.0010, 0.0010, 0.0010, 1.0000, 0.0010, 0.0010, 0.0010, 0.0010,
        0.0010, 0.0010, 0.0010, 1.0000, 0.0010, 0.0010, 0.0010, 0.0010, 0.0010,
        0.0010, 0.0010, 1.0000, 0.0010, 0.0010, 0.0010, 0.0010, 0.0010, 0.0010,
        0.0010, 1.0000, 0.0010, 0.0010, 0.0010, 0.0010, 0.0010, 0.0010, 0.0010,
        1.0000, 0.0010, 0.0010, 0.0010, 0.0010, 0.0010, 0.0010, 0.0010, 1.0000,
        0.0010, 0.0010, 0.0010, 0.0010, 0.0010, 0.0010, 0.0010, 1.0000, 0.0010,
        0.0010, 0.0010, 0.0010, 0.0010, 0.0010, 0.0010, 1.0000, 0.0010, 0.0010,
        0.0010, 0.0010, 0.0010, 0.0010, 0.0010, 1.0000, 0.0010, 0.0010, 0.0010,
        0.0010, 0.0010, 0.0010, 0.0010, 1.0000, 0.0010, 0.0010, 0.0010, 0.0010,
        0.0010, 0.0010, 0.0010, 1.0000, 0.0010, 0.0010, 0.0010, 0.0010, 0.0010,
        0.0010, 0.0010, 1.0000, 0.0010, 0.0010, 0.0010, 0.0010, 0.0010, 0.0010,
        0.0010, 1.0000])
Epoch [1/200], Step [2790/9375], Loss: 0.0159
source illustration B00000-Y00000-P00000-O00000-R00000-000000-000000
target illustration P00000-O00000-B00000-Y00000-R00000-000000-000000
plan illustration 00000001000000010000000100000001000000010000000100000001000000010000000100000001000000010000000100000001000000010000000100000001
predicted:  tensor([0.0010, 0.0010, 0.0010, 0.0010, 0.0010, 0.0010, 0.0010, 1.0000, 0.0010,
        0.0010, 0.0010, 0.0010, 0.0010, 0.0010, 0.0010, 1.0000, 0.0010, 0.0010,
        0.0010, 0.0010, 0.0010, 0.0010, 0.0010, 1.0000, 0.0010, 0.0010, 0.0010,
        0.0010, 0.0010, 0.0010, 0.0010, 1.0000, 0.0010, 0.0010, 0.0010, 0.0010,
        0.0010, 0.0010, 0.0010, 1.0000, 0.0010, 0.0010, 0.0010, 0.0010, 0.0010,
        0.0010, 0.0010, 1.0000, 0.0010, 0.0010, 0.0010, 0.0010, 0.0010, 0.0010,
        0.0010, 1.0000, 0.0010, 0.0010, 0.0010, 0.0010, 0.0010, 0.0010, 0.0010,
        1.0000, 0.0010, 0.0010, 0.0010, 0.0010, 0.0010, 0.0010, 0.0010, 1.0000,
        0.0010, 0.0010, 0.0010, 0.0010, 0.0010, 0.0010, 0.0010, 1.0000, 0.0010,
        0.0010, 0.0010, 0.0010, 0.0010, 0.0010, 0.0010, 1.0000, 0.0010, 0.0010,
        0.0010, 0.0010, 0.0010, 0.0010, 0.0010, 1.0000, 0.0010, 0.0010, 0.0010,
        0.0010, 0.0010, 0.0010, 0.0010, 1.0000, 0.0010, 0.0010, 0.0010, 0.0010,
        0.0010, 0.0010, 0.0010, 1.0000, 0.0010, 0.0010, 0.0010, 0.0010, 0.0010,
        0.0010, 0.0010, 1.0000, 0.0010, 0.0010, 0.0010, 0.0010, 0.0010, 0.0010,
        0.0010, 1.0000])
Epoch [1/200], Step [2883/9375], Loss: 0.0083
source illustration R00000-Y00000-G00000-B00000-P00000-000000-000000
target illustration R00000-Y00000-P00000-G00000-B00000-000000-000000
plan illustration 00000001000000010000000100000001000000010000000100000001000000010000000100000001000000010000000100000001000000010000000100000001
predicted:  tensor([0.0010, 0.0010, 0.0010, 0.0010, 0.0010, 0.0010, 0.0010, 1.0000, 0.0010,
        0.0010, 0.0010, 0.0010, 0.0010, 0.0010, 0.0010, 1.0000, 0.0010, 0.0010,
        0.0010, 0.0010, 0.0010, 0.0010, 0.0010, 1.0000, 0.0010, 0.0010, 0.0010,
        0.0010, 0.0010, 0.0010, 0.0010, 1.0000, 0.0010, 0.0010, 0.0010, 0.0010,
        0.0010, 0.0010, 0.0010, 1.0000, 0.0010, 0.0010, 0.0010, 0.0010, 0.0010,
        0.0010, 0.0010, 1.0000, 0.0010, 0.0010, 0.0010, 0.0010, 0.0010, 0.0010,
        0.0010, 1.0000, 0.0010, 0.0010, 0.0010, 0.0010, 0.0010, 0.0010, 0.0010,
        1.0000, 0.0010, 0.0010, 0.0010, 0.0010, 0.0010, 0.0010, 0.0010, 1.0000,
        0.0010, 0.0010, 0.0010, 0.0010, 0.0010, 0.0010, 0.0010, 1.0000, 0.0010,
        0.0010, 0.0010, 0.0010, 0.0010, 0.0010, 0.0010, 1.0000, 0.0010, 0.0010,
        0.0010, 0.0010, 0.0010, 0.0010, 0.0010, 1.0000, 0.0010, 0.0010, 0.0010,
        0.0010, 0.0010, 0.0010, 0.0010, 1.0000, 0.0010, 0.0010, 0.0010, 0.0010,
        0.0010, 0.0010, 0.0010, 1.0000, 0.0010, 0.0010, 0.0010, 0.0010, 0.0010,
        0.0010, 0.0010, 1.0000, 0.0010, 0.0010, 0.0010, 0.0010, 0.0010, 0.0010,
        0.0010, 1.0000])
Epoch [1/200], Step [2976/9375], Loss: 0.0120
source illustration O00000-R00000-Y00000-BG0000-000000-000000-000000
target illustration Y00000-B00000-R00000-O00000-000000-000000-000000
plan illustration 00000100000000010000000100000001000000010000000100000001000000010000000100000001000000010000000100000001000000010000000100000001
predicted:  tensor([0.0010, 0.0010, 0.0010, 0.0010, 0.0010, 0.0010, 0.0010, 1.0000, 0.0010,
        0.0010, 0.0010, 0.0010, 0.0010, 0.0010, 0.0010, 1.0000, 0.0010, 0.0010,
        0.0010, 0.0010, 0.0010, 0.0010, 0.0010, 1.0000, 0.0010, 0.0010, 0.0010,
        0.0010, 0.0010, 0.0010, 0.0010, 1.0000, 0.0010, 0.0010, 0.0010, 0.0010,
        0.0010, 0.0010, 0.0010, 1.0000, 0.0010, 0.0010, 0.0010, 0.0010, 0.0010,
        0.0010, 0.0010, 1.0000, 0.0010, 0.0010, 0.0010, 0.0010, 0.0010, 0.0010,
        0.0010, 1.0000, 0.0010, 0.0010, 0.0010, 0.0010, 0.0010, 0.0010, 0.0010,
        1.0000, 0.0010, 0.0010, 0.0010, 0.0010, 0.0010, 0.0010, 0.0010, 1.0000,
        0.0010, 0.0010, 0.0010, 0.0010, 0.0010, 0.0010, 0.0010, 1.0000, 0.0010,
        0.0010, 0.0010, 0.0010, 0.0010, 0.0010, 0.0010, 1.0000, 0.0010, 0.0010,
        0.0010, 0.0010, 0.0010, 0.0010, 0.0010, 1.0000, 0.0010, 0.0010, 0.0010,
        0.0010, 0.0010, 0.0010, 0.0010, 1.0000, 0.0010, 0.0010, 0.0010, 0.0010,
        0.0010, 0.0010, 0.0010, 1.0000, 0.0010, 0.0010, 0.0010, 0.0010, 0.0010,
        0.0010, 0.0010, 1.0000, 0.0010, 0.0010, 0.0010, 0.0010, 0.0010, 0.0010,
        0.0010, 1.0000])
Epoch [1/200], Step [3069/9375], Loss: 0.0122
