GPU NUM:  1
model and criterion loaded ...
source illustration G00000-Y00000-O00000-R00000-P00000-000000-000000
target illustration O00000-Y00000-R00000-G00000-P00000-000000-000000
plan illustration 00000001000000010000000100000001000000010000000100000001000000010000000100000001000000010000000100000001000000010000000100000001
predicted:  tensor([0.0010, 0.0010, 0.0632, 0.0069, 0.0010, 0.0010, 0.0229, 0.9071, 0.0010,
        0.0010, 0.0010, 0.0010, 0.0010, 0.0010, 0.0010, 1.0000, 0.0010, 0.0010,
        0.0010, 0.0010, 0.0010, 0.0010, 0.0010, 1.0000, 0.0010, 0.0010, 0.0010,
        0.0010, 0.0010, 0.0010, 0.0013, 0.9987, 0.0010, 0.0010, 0.0010, 0.0010,
        0.0010, 0.0010, 0.0010, 1.0000, 0.0010, 0.0010, 0.0010, 0.0010, 0.0010,
        0.0010, 0.0010, 1.0000, 0.0010, 0.0010, 0.0010, 0.0010, 0.0010, 0.0010,
        0.0010, 1.0000, 0.0010, 0.0010, 0.0010, 0.0010, 0.0010, 0.0010, 0.0010,
        1.0000, 0.0010, 0.0010, 0.0010, 0.0010, 0.0010, 0.0010, 0.0010, 1.0000,
        0.0010, 0.0010, 0.0010, 0.0010, 0.0010, 0.0010, 0.0010, 1.0000, 0.0010,
        0.0010, 0.0010, 0.0010, 0.0010, 0.0010, 0.0010, 1.0000, 0.0010, 0.0010,
        0.0010, 0.0010, 0.0010, 0.0010, 0.0010, 1.0000, 0.0010, 0.0010, 0.0010,
        0.0010, 0.0010, 0.0010, 0.0010, 1.0000, 0.0010, 0.0010, 0.0010, 0.0010,
        0.0010, 0.0010, 0.0010, 1.0000, 0.0010, 0.0010, 0.0010, 0.0010, 0.0010,
        0.0010, 0.0010, 1.0000, 0.0010, 0.0010, 0.0010, 0.0010, 0.0010, 0.0010,
        0.0010, 1.0000], device='cuda:0')
Epoch [1/200], Step [93/9375], Loss: 0.0216
source illustration P00000-YR0000-BO0000-000000-000000-000000-000000
target illustration Y00000-P00000-R00000-BO0000-000000-000000-000000
plan illustration 00000010100000000000000100000001000000010000000100000001000000010000000100000001000000010000000100000001000000010000000100000001
predicted:  tensor([0.0058, 0.2196, 0.1536, 0.1682, 0.1518, 0.1299, 0.1237, 0.0474, 0.4898,
        0.0138, 0.0738, 0.0581, 0.0359, 0.0881, 0.0667, 0.1738, 0.0244, 0.0460,
        0.1425, 0.1682, 0.1611, 0.0734, 0.1653, 0.2192, 0.1742, 0.1009, 0.0856,
        0.0630, 0.0849, 0.0506, 0.0578, 0.3829, 0.0074, 0.0061, 0.0064, 0.0054,
        0.0078, 0.0066, 0.0071, 0.9531, 0.0030, 0.0091, 0.0055, 0.0062, 0.0083,
        0.0074, 0.0082, 0.9523, 0.0108, 0.0104, 0.0034, 0.0010, 0.0061, 0.0060,
        0.0067, 0.9562, 0.0091, 0.0046, 0.0057, 0.0101, 0.0023, 0.0059, 0.0058,
        0.9565, 0.0060, 0.0084, 0.0067, 0.0024, 0.0079, 0.0066, 0.0025, 0.9596,
        0.0051, 0.0057, 0.0092, 0.0083, 0.0064, 0.0094, 0.0030, 0.9528, 0.0088,
        0.0077, 0.0060, 0.0010, 0.0013, 0.0051, 0.0083, 0.9617, 0.0020, 0.0062,
        0.0043, 0.0072, 0.0062, 0.0063, 0.0072, 0.9606, 0.0084, 0.0071, 0.0041,
        0.0010, 0.0057, 0.0041, 0.0087, 0.9609, 0.0059, 0.0039, 0.0071, 0.0079,
        0.0080, 0.0043, 0.0093, 0.9537, 0.0088, 0.0048, 0.0029, 0.0089, 0.0062,
        0.0047, 0.0091, 0.9546, 0.0083, 0.0026, 0.0073, 0.0075, 0.0070, 0.0043,
        0.0072, 0.9557], device='cuda:0')
Epoch [1/200], Step [186/9375], Loss: 0.0162
source illustration R00000-OB0000-GY0000-000000-000000-000000-000000
target illustration GY0000-RB0000-000000-000000-000000-000000-000000
plan illustration 00001000000000100100000000000001000000010000000100000001000000010000000100000001000000010000000100000001000000010000000100000001
predicted:  tensor([0.0010, 0.0730, 0.1414, 0.1626, 0.1975, 0.2160, 0.2032, 0.0054, 0.5585,
        0.0881, 0.0225, 0.0306, 0.0716, 0.0510, 0.0388, 0.1388, 0.0055, 0.1598,
        0.1358, 0.1072, 0.1554, 0.0911, 0.1630, 0.1821, 0.2476, 0.0598, 0.0462,
        0.0251, 0.0296, 0.0435, 0.0513, 0.4968, 0.0010, 0.0010, 0.0010, 0.0010,
        0.0010, 0.0010, 0.0010, 0.9965, 0.0010, 0.0010, 0.0010, 0.0010, 0.0010,
        0.0010, 0.0010, 0.9963, 0.0013, 0.0012, 0.0010, 0.0010, 0.0010, 0.0010,
        0.0010, 0.9960, 0.0010, 0.0010, 0.0010, 0.0011, 0.0010, 0.0010, 0.0010,
        0.9965, 0.0010, 0.0010, 0.0010, 0.0010, 0.0010, 0.0010, 0.0010, 0.9970,
        0.0010, 0.0010, 0.0010, 0.0010, 0.0010, 0.0010, 0.0010, 0.9960, 0.0010,
        0.0010, 0.0010, 0.0010, 0.0010, 0.0010, 0.0010, 0.9970, 0.0010, 0.0010,
        0.0010, 0.0010, 0.0010, 0.0010, 0.0010, 0.9973, 0.0010, 0.0010, 0.0010,
        0.0010, 0.0010, 0.0010, 0.0010, 0.9972, 0.0010, 0.0010, 0.0010, 0.0010,
        0.0010, 0.0010, 0.0010, 0.9963, 0.0010, 0.0010, 0.0010, 0.0010, 0.0010,
        0.0010, 0.0010, 0.9960, 0.0010, 0.0010, 0.0010, 0.0010, 0.0010, 0.0010,
        0.0010, 0.9965], device='cuda:0')
Epoch [1/200], Step [279/9375], Loss: 0.0147
source illustration O00000-PB0000-GR0000-000000-000000-000000-000000
target illustration O00000-G00000-R00000-P00000-B00000-000000-000000
plan illustration 00001000100000000000001010000000000000010000000100000001000000010000000100000001000000010000000100000001000000010000000100000001
predicted:  tensor([0.0029, 0.2463, 0.1725, 0.1425, 0.1673, 0.1475, 0.1038, 0.0170, 0.7592,
        0.0323, 0.0299, 0.0358, 0.0392, 0.0372, 0.0302, 0.0362, 0.0080, 0.0944,
        0.1121, 0.1964, 0.1030, 0.0771, 0.1297, 0.2793, 0.5400, 0.0437, 0.0532,
        0.0317, 0.0394, 0.0554, 0.0379, 0.1987, 0.0018, 0.0013, 0.0014, 0.0010,
        0.0019, 0.0014, 0.0015, 0.9897, 0.0010, 0.0024, 0.0010, 0.0012, 0.0020,
        0.0016, 0.0020, 0.9893, 0.0037, 0.0035, 0.0010, 0.0010, 0.0014, 0.0013,
        0.0017, 0.9879, 0.0025, 0.0010, 0.0010, 0.0032, 0.0010, 0.0011, 0.0011,
        0.9900, 0.0013, 0.0022, 0.0015, 0.0010, 0.0019, 0.0014, 0.0010, 0.9909,
        0.0012, 0.0018, 0.0028, 0.0026, 0.0011, 0.0025, 0.0010, 0.9876, 0.0025,
        0.0017, 0.0012, 0.0010, 0.0010, 0.0010, 0.0022, 0.9910, 0.0010, 0.0012,
        0.0010, 0.0016, 0.0013, 0.0014, 0.0017, 0.9918, 0.0022, 0.0015, 0.0010,
        0.0010, 0.0011, 0.0010, 0.0022, 0.9915, 0.0011, 0.0010, 0.0016, 0.0020,
        0.0021, 0.0010, 0.0027, 0.9889, 0.0026, 0.0011, 0.0010, 0.0022, 0.0018,
        0.0010, 0.0029, 0.9880, 0.0023, 0.0010, 0.0017, 0.0019, 0.0017, 0.0010,
        0.0018, 0.9894], device='cuda:0')
Epoch [1/200], Step [372/9375], Loss: 0.0150
source illustration O00000-Y00000-R00000-B00000-P00000-000000-000000
target illustration B00000-R00000-P00000-O00000-Y00000-000000-000000
plan illustration 00000001000000010000000100000001000000010000000100000001000000010000000100000001000000010000000100000001000000010000000100000001
predicted:  tensor([0.0010, 0.0019, 0.0012, 0.0011, 0.0016, 0.0010, 0.0012, 0.9920, 0.0010,
        0.0020, 0.0010, 0.0014, 0.0010, 0.0010, 0.0010, 0.9944, 0.0010, 0.0010,
        0.0010, 0.0010, 0.0010, 0.0010, 0.0010, 0.9991, 0.0010, 0.0010, 0.0010,
        0.0010, 0.0010, 0.0010, 0.0010, 0.9994, 0.0010, 0.0010, 0.0010, 0.0010,
        0.0010, 0.0010, 0.0010, 1.0000, 0.0010, 0.0010, 0.0010, 0.0010, 0.0010,
        0.0010, 0.0010, 1.0000, 0.0010, 0.0010, 0.0010, 0.0010, 0.0010, 0.0010,
        0.0010, 1.0000, 0.0010, 0.0010, 0.0010, 0.0010, 0.0010, 0.0010, 0.0010,
        1.0000, 0.0010, 0.0010, 0.0010, 0.0010, 0.0010, 0.0010, 0.0010, 1.0000,
        0.0010, 0.0010, 0.0010, 0.0010, 0.0010, 0.0010, 0.0010, 1.0000, 0.0010,
        0.0010, 0.0010, 0.0010, 0.0010, 0.0010, 0.0010, 1.0000, 0.0010, 0.0010,
        0.0010, 0.0010, 0.0010, 0.0010, 0.0010, 1.0000, 0.0010, 0.0010, 0.0010,
        0.0010, 0.0010, 0.0010, 0.0010, 1.0000, 0.0010, 0.0010, 0.0010, 0.0010,
        0.0010, 0.0010, 0.0010, 1.0000, 0.0010, 0.0010, 0.0010, 0.0010, 0.0010,
        0.0010, 0.0010, 1.0000, 0.0010, 0.0010, 0.0010, 0.0010, 0.0010, 0.0010,
        0.0010, 1.0000], device='cuda:0')
Epoch [1/200], Step [465/9375], Loss: 0.0127
source illustration B00000-R00000-YPO000-000000-000000-000000-000000
target illustration O00000-B00000-Y00000-R00000-P00000-000000-000000
plan illustration 01000000100000000010000010000000000000010000000100000001000000010000000100000001000000010000000100000001000000010000000100000001
predicted:  tensor([0.0032, 0.1220, 0.1416, 0.1875, 0.2194, 0.1558, 0.1620, 0.0084, 0.9500,
        0.0036, 0.0069, 0.0050, 0.0065, 0.0056, 0.0017, 0.0208, 0.0076, 0.1183,
        0.1265, 0.1657, 0.1524, 0.1005, 0.1434, 0.1856, 0.8197, 0.0109, 0.0050,
        0.0065, 0.0074, 0.0068, 0.0111, 0.1326, 0.0017, 0.0013, 0.0014, 0.0010,
        0.0020, 0.0014, 0.0015, 0.9897, 0.0010, 0.0024, 0.0010, 0.0012, 0.0019,
        0.0016, 0.0019, 0.9895, 0.0037, 0.0036, 0.0010, 0.0010, 0.0012, 0.0012,
        0.0017, 0.9880, 0.0026, 0.0010, 0.0010, 0.0033, 0.0010, 0.0010, 0.0011,
        0.9899, 0.0012, 0.0023, 0.0015, 0.0010, 0.0020, 0.0014, 0.0010, 0.9909,
        0.0011, 0.0020, 0.0029, 0.0026, 0.0010, 0.0024, 0.0010, 0.9877, 0.0027,
        0.0018, 0.0012, 0.0010, 0.0010, 0.0010, 0.0023, 0.9908, 0.0010, 0.0012,
        0.0010, 0.0016, 0.0012, 0.0013, 0.0017, 0.9919, 0.0021, 0.0014, 0.0010,
        0.0010, 0.0010, 0.0010, 0.0021, 0.9920, 0.0011, 0.0010, 0.0015, 0.0019,
        0.0021, 0.0010, 0.0028, 0.9892, 0.0025, 0.0010, 0.0010, 0.0021, 0.0018,
        0.0010, 0.0028, 0.9887, 0.0023, 0.0010, 0.0017, 0.0019, 0.0017, 0.0010,
        0.0018, 0.9895], device='cuda:0')
Epoch [1/200], Step [558/9375], Loss: 0.0128
source illustration Y00000-R00000-P00000-O00000-B00000-000000-000000
target illustration R00000-B00000-Y00000-P00000-O00000-000000-000000
plan illustration 00000001000000010000000100000001000000010000000100000001000000010000000100000001000000010000000100000001000000010000000100000001
predicted:  tensor([0.0010, 0.0108, 0.0050, 0.0050, 0.0029, 0.0014, 0.0065, 0.9683, 0.0017,
        0.0014, 0.0012, 0.0010, 0.0010, 0.0010, 0.0010, 0.9929, 0.0010, 0.0010,
        0.0010, 0.0010, 0.0010, 0.0010, 0.0010, 0.9992, 0.0010, 0.0010, 0.0010,
        0.0010, 0.0010, 0.0010, 0.0010, 0.9989, 0.0010, 0.0010, 0.0010, 0.0010,
        0.0010, 0.0010, 0.0010, 0.9999, 0.0010, 0.0010, 0.0010, 0.0010, 0.0010,
        0.0010, 0.0010, 1.0000, 0.0010, 0.0010, 0.0010, 0.0010, 0.0010, 0.0010,
        0.0010, 1.0000, 0.0010, 0.0010, 0.0010, 0.0010, 0.0010, 0.0010, 0.0010,
        1.0000, 0.0010, 0.0010, 0.0010, 0.0010, 0.0010, 0.0010, 0.0010, 1.0000,
        0.0010, 0.0010, 0.0010, 0.0010, 0.0010, 0.0010, 0.0010, 1.0000, 0.0010,
        0.0010, 0.0010, 0.0010, 0.0010, 0.0010, 0.0010, 1.0000, 0.0010, 0.0010,
        0.0010, 0.0010, 0.0010, 0.0010, 0.0010, 1.0000, 0.0010, 0.0010, 0.0010,
        0.0010, 0.0010, 0.0010, 0.0010, 1.0000, 0.0010, 0.0010, 0.0010, 0.0010,
        0.0010, 0.0010, 0.0010, 0.9999, 0.0010, 0.0010, 0.0010, 0.0010, 0.0010,
        0.0010, 0.0010, 1.0000, 0.0010, 0.0010, 0.0010, 0.0010, 0.0010, 0.0010,
        0.0010, 1.0000], device='cuda:0')
Epoch [1/200], Step [651/9375], Loss: 0.0120
source illustration G00000-P00000-R00000-B00000-Y00000-000000-000000
target illustration R00000-Y00000-GBP000-000000-000000-000000-000000
plan illustration 00001000000001000010000000001000000000010000000100000001000000010000000100000001000000010000000100000001000000010000000100000001
predicted:  tensor([0.0035, 0.1616, 0.1207, 0.1944, 0.1473, 0.2271, 0.1410, 0.0043, 0.0013,
        0.1927, 0.1858, 0.1770, 0.1772, 0.1006, 0.1299, 0.0355, 0.0025, 0.1829,
        0.0988, 0.0873, 0.1491, 0.1268, 0.1785, 0.1742, 0.0010, 0.1148, 0.1680,
        0.0999, 0.1080, 0.1083, 0.1488, 0.2512, 0.0012, 0.0010, 0.0010, 0.0010,
        0.0013, 0.0010, 0.0010, 0.9932, 0.0010, 0.0016, 0.0010, 0.0010, 0.0012,
        0.0010, 0.0012, 0.9933, 0.0027, 0.0025, 0.0010, 0.0010, 0.0010, 0.0010,
        0.0010, 0.9923, 0.0019, 0.0010, 0.0010, 0.0025, 0.0010, 0.0010, 0.0010,
        0.9929, 0.0010, 0.0014, 0.0010, 0.0010, 0.0011, 0.0010, 0.0010, 0.9943,
        0.0010, 0.0013, 0.0019, 0.0019, 0.0010, 0.0014, 0.0010, 0.9921, 0.0019,
        0.0011, 0.0010, 0.0010, 0.0010, 0.0010, 0.0013, 0.9942, 0.0010, 0.0010,
        0.0010, 0.0012, 0.0010, 0.0010, 0.0012, 0.9942, 0.0018, 0.0010, 0.0010,
        0.0010, 0.0010, 0.0010, 0.0015, 0.9940, 0.0010, 0.0010, 0.0010, 0.0013,
        0.0013, 0.0010, 0.0018, 0.9929, 0.0015, 0.0010, 0.0010, 0.0010, 0.0013,
        0.0010, 0.0025, 0.9924, 0.0014, 0.0010, 0.0010, 0.0011, 0.0010, 0.0010,
        0.0012, 0.9937], device='cuda:0')
Epoch [1/200], Step [744/9375], Loss: 0.0118
source illustration G00000-P00000-Y00000-B00000-R00000-000000-000000
target illustration G00000-P00000-R00000-Y00000-000000-000000-000000
plan illustration 00001000000000010000000100000001000000010000000100000001000000010000000100000001000000010000000100000001000000010000000100000001
predicted:  tensor([0.0010, 0.2373, 0.2910, 0.0763, 0.0949, 0.0869, 0.1918, 0.0212, 0.0560,
        0.0193, 0.0285, 0.0121, 0.0246, 0.0151, 0.0014, 0.8429, 0.0010, 0.0010,
        0.0010, 0.0010, 0.0010, 0.0010, 0.0010, 0.9952, 0.0010, 0.0010, 0.0010,
        0.0010, 0.0010, 0.0010, 0.0010, 0.9967, 0.0010, 0.0010, 0.0010, 0.0010,
        0.0010, 0.0010, 0.0010, 0.9998, 0.0010, 0.0010, 0.0010, 0.0010, 0.0010,
        0.0010, 0.0010, 0.9998, 0.0010, 0.0010, 0.0010, 0.0010, 0.0010, 0.0010,
        0.0010, 0.9998, 0.0010, 0.0010, 0.0010, 0.0010, 0.0010, 0.0010, 0.0010,
        0.9998, 0.0010, 0.0010, 0.0010, 0.0010, 0.0010, 0.0010, 0.0010, 0.9998,
        0.0010, 0.0010, 0.0010, 0.0010, 0.0010, 0.0010, 0.0010, 0.9998, 0.0010,
        0.0010, 0.0010, 0.0010, 0.0010, 0.0010, 0.0010, 0.9998, 0.0010, 0.0010,
        0.0010, 0.0010, 0.0010, 0.0010, 0.0010, 0.9998, 0.0010, 0.0010, 0.0010,
        0.0010, 0.0010, 0.0010, 0.0010, 0.9998, 0.0010, 0.0010, 0.0010, 0.0010,
        0.0010, 0.0010, 0.0010, 0.9998, 0.0010, 0.0010, 0.0010, 0.0010, 0.0010,
        0.0010, 0.0010, 0.9998, 0.0010, 0.0010, 0.0010, 0.0010, 0.0010, 0.0010,
        0.0010, 0.9998], device='cuda:0')
Epoch [1/200], Step [837/9375], Loss: 0.0131
source illustration G00000-OY0000-RB0000-000000-000000-000000-000000
target illustration Y00000-G00000-B00000-R00000-O00000-000000-000000
plan illustration 00010000100000000000100010000000000000010000000100000001000000010000000100000001000000010000000100000001000000010000000100000001
predicted:  tensor([0.0104, 0.1817, 0.1473, 0.1450, 0.1879, 0.1679, 0.1429, 0.0168, 0.9247,
        0.0079, 0.0043, 0.0042, 0.0068, 0.0136, 0.0066, 0.0318, 0.0092, 0.1407,
        0.1470, 0.1036, 0.1514, 0.1506, 0.1281, 0.1695, 0.5840, 0.0288, 0.0214,
        0.0130, 0.0256, 0.0244, 0.0232, 0.2795, 0.0040, 0.0031, 0.0030, 0.0023,
        0.0045, 0.0032, 0.0034, 0.9765, 0.0012, 0.0056, 0.0023, 0.0028, 0.0043,
        0.0036, 0.0044, 0.9759, 0.0086, 0.0081, 0.0011, 0.0010, 0.0028, 0.0027,
        0.0037, 0.9728, 0.0058, 0.0019, 0.0022, 0.0076, 0.0010, 0.0024, 0.0024,
        0.9769, 0.0029, 0.0051, 0.0034, 0.0010, 0.0043, 0.0033, 0.0010, 0.9789,
        0.0027, 0.0053, 0.0066, 0.0061, 0.0021, 0.0049, 0.0010, 0.9713, 0.0060,
        0.0038, 0.0027, 0.0010, 0.0010, 0.0023, 0.0048, 0.9794, 0.0010, 0.0028,
        0.0019, 0.0039, 0.0029, 0.0032, 0.0038, 0.9807, 0.0052, 0.0033, 0.0016,
        0.0010, 0.0024, 0.0016, 0.0050, 0.9806, 0.0025, 0.0016, 0.0034, 0.0043,
        0.0046, 0.0018, 0.0063, 0.9755, 0.0057, 0.0025, 0.0010, 0.0045, 0.0049,
        0.0020, 0.0071, 0.9722, 0.0050, 0.0011, 0.0037, 0.0040, 0.0037, 0.0017,
        0.0040, 0.9768], device='cuda:0')
Epoch [1/200], Step [930/9375], Loss: 0.0150
source illustration Y00000-P00000-O00000-G00000-000000-000000-000000
target illustration G00000-YO0000-000000-000000-000000-000000-000000
plan illustration 00100000000000010100000000010000000000010000000100000001000000010000000100000001000000010000000100000001000000010000000100000001
predicted:  tensor([0.0054, 0.1312, 0.1801, 0.1159, 0.1305, 0.2132, 0.2177, 0.0061, 0.0061,
        0.2044, 0.1610, 0.1070, 0.1097, 0.1941, 0.1037, 0.1139, 0.0017, 0.1917,
        0.0866, 0.1946, 0.1186, 0.0841, 0.1412, 0.1814, 0.0014, 0.0695, 0.1125,
        0.0477, 0.1180, 0.0960, 0.0758, 0.4791, 0.0010, 0.0010, 0.0010, 0.0010,
        0.0010, 0.0010, 0.0010, 0.9955, 0.0010, 0.0013, 0.0010, 0.0010, 0.0010,
        0.0010, 0.0010, 0.9951, 0.0022, 0.0020, 0.0010, 0.0010, 0.0010, 0.0010,
        0.0010, 0.9941, 0.0013, 0.0010, 0.0010, 0.0019, 0.0010, 0.0010, 0.0010,
        0.9951, 0.0010, 0.0011, 0.0010, 0.0010, 0.0010, 0.0010, 0.0010, 0.9960,
        0.0010, 0.0011, 0.0015, 0.0014, 0.0010, 0.0010, 0.0010, 0.9943, 0.0013,
        0.0010, 0.0010, 0.0010, 0.0010, 0.0010, 0.0010, 0.9961, 0.0010, 0.0010,
        0.0010, 0.0010, 0.0010, 0.0010, 0.0010, 0.9961, 0.0012, 0.0010, 0.0010,
        0.0010, 0.0010, 0.0010, 0.0011, 0.9960, 0.0010, 0.0010, 0.0010, 0.0010,
        0.0010, 0.0010, 0.0014, 0.9952, 0.0011, 0.0010, 0.0010, 0.0010, 0.0011,
        0.0010, 0.0020, 0.9944, 0.0010, 0.0010, 0.0010, 0.0010, 0.0010, 0.0010,
        0.0010, 0.9955], device='cuda:0')
Epoch [1/200], Step [1023/9375], Loss: 0.0107
source illustration Y00000-B00000-ORP000-000000-000000-000000-000000
target illustration B00000-R00000-O00000-P00000-Y00000-000000-000000
plan illustration 00100000100000000000001010000000000000010000000100000001000000010000000100000001000000010000000100000001000000010000000100000001
predicted:  tensor([0.0104, 0.1471, 0.1481, 0.1601, 0.1982, 0.1572, 0.1616, 0.0174, 0.9853,
        0.0013, 0.0010, 0.0015, 0.0010, 0.0011, 0.0018, 0.0074, 0.0066, 0.0844,
        0.1361, 0.1597, 0.0550, 0.1814, 0.0810, 0.2956, 0.5909, 0.0213, 0.0184,
        0.0293, 0.0218, 0.0212, 0.0315, 0.2656, 0.0021, 0.0015, 0.0014, 0.0011,
        0.0024, 0.0015, 0.0017, 0.9882, 0.0010, 0.0031, 0.0011, 0.0014, 0.0022,
        0.0018, 0.0023, 0.9877, 0.0049, 0.0047, 0.0010, 0.0010, 0.0013, 0.0012,
        0.0019, 0.9854, 0.0031, 0.0010, 0.0010, 0.0044, 0.0010, 0.0011, 0.0011,
        0.9881, 0.0014, 0.0027, 0.0017, 0.0010, 0.0022, 0.0016, 0.0010, 0.9895,
        0.0013, 0.0031, 0.0037, 0.0033, 0.0010, 0.0025, 0.0010, 0.9847, 0.0032,
        0.0019, 0.0013, 0.0010, 0.0010, 0.0011, 0.0025, 0.9896, 0.0010, 0.0014,
        0.0010, 0.0020, 0.0014, 0.0016, 0.0019, 0.9904, 0.0028, 0.0016, 0.0010,
        0.0010, 0.0011, 0.0010, 0.0027, 0.9902, 0.0012, 0.0010, 0.0017, 0.0022,
        0.0024, 0.0010, 0.0035, 0.9877, 0.0031, 0.0011, 0.0010, 0.0024, 0.0026,
        0.0010, 0.0040, 0.9855, 0.0027, 0.0010, 0.0019, 0.0021, 0.0019, 0.0010,
        0.0021, 0.9882], device='cuda:0')
Epoch [1/200], Step [1116/9375], Loss: 0.0154
source illustration R00000-Y00000-B00000-P00000-000000-000000-000000
target illustration R00000-Y00000-P00000-B00000-000000-000000-000000
plan illustration 00000001000000010000000100000001000000010000000100000001000000010000000100000001000000010000000100000001000000010000000100000001
predicted:  tensor([0.0010, 0.0010, 0.0010, 0.0010, 0.0010, 0.0010, 0.0010, 1.0000, 0.0010,
        0.0010, 0.0010, 0.0010, 0.0010, 0.0010, 0.0010, 1.0000, 0.0010, 0.0010,
        0.0010, 0.0010, 0.0010, 0.0010, 0.0010, 0.9996, 0.0010, 0.0010, 0.0010,
        0.0010, 0.0010, 0.0010, 0.0010, 0.9999, 0.0010, 0.0010, 0.0010, 0.0010,
        0.0010, 0.0010, 0.0010, 1.0000, 0.0010, 0.0010, 0.0010, 0.0010, 0.0010,
        0.0010, 0.0010, 1.0000, 0.0010, 0.0010, 0.0010, 0.0010, 0.0010, 0.0010,
        0.0010, 1.0000, 0.0010, 0.0010, 0.0010, 0.0010, 0.0010, 0.0010, 0.0010,
        1.0000, 0.0010, 0.0010, 0.0010, 0.0010, 0.0010, 0.0010, 0.0010, 1.0000,
        0.0010, 0.0010, 0.0010, 0.0010, 0.0010, 0.0010, 0.0010, 1.0000, 0.0010,
        0.0010, 0.0010, 0.0010, 0.0010, 0.0010, 0.0010, 1.0000, 0.0010, 0.0010,
        0.0010, 0.0010, 0.0010, 0.0010, 0.0010, 1.0000, 0.0010, 0.0010, 0.0010,
        0.0010, 0.0010, 0.0010, 0.0010, 1.0000, 0.0010, 0.0010, 0.0010, 0.0010,
        0.0010, 0.0010, 0.0010, 1.0000, 0.0010, 0.0010, 0.0010, 0.0010, 0.0010,
        0.0010, 0.0010, 1.0000, 0.0010, 0.0010, 0.0010, 0.0010, 0.0010, 0.0010,
        0.0010, 1.0000], device='cuda:0')
Epoch [1/200], Step [1209/9375], Loss: 0.0148
source illustration R00000-B00000-YP0000-000000-000000-000000-000000
target illustration B00000-Y00000-P00000-R00000-000000-000000-000000
plan illustration 00100000100000000000000100000001000000010000000100000001000000010000000100000001000000010000000100000001000000010000000100000001
predicted:  tensor([0.0053, 0.1158, 0.1625, 0.1936, 0.1673, 0.1763, 0.1689, 0.0103, 0.7105,
        0.0059, 0.0045, 0.0068, 0.0076, 0.0065, 0.0082, 0.2500, 0.0027, 0.0603,
        0.0696, 0.0613, 0.0473, 0.0473, 0.0508, 0.6606, 0.0589, 0.0086, 0.0043,
        0.0016, 0.0034, 0.0075, 0.0039, 0.9117, 0.0010, 0.0010, 0.0010, 0.0010,
        0.0012, 0.0010, 0.0010, 0.9943, 0.0010, 0.0014, 0.0010, 0.0010, 0.0010,
        0.0010, 0.0011, 0.9944, 0.0023, 0.0022, 0.0010, 0.0010, 0.0010, 0.0010,
        0.0010, 0.9936, 0.0015, 0.0010, 0.0010, 0.0021, 0.0010, 0.0010, 0.0010,
        0.9944, 0.0010, 0.0013, 0.0010, 0.0010, 0.0010, 0.0010, 0.0010, 0.9951,
        0.0010, 0.0013, 0.0016, 0.0015, 0.0010, 0.0010, 0.0010, 0.9934, 0.0015,
        0.0010, 0.0010, 0.0010, 0.0010, 0.0010, 0.0012, 0.9953, 0.0010, 0.0010,
        0.0010, 0.0010, 0.0010, 0.0010, 0.0010, 0.9955, 0.0013, 0.0010, 0.0010,
        0.0010, 0.0010, 0.0010, 0.0012, 0.9954, 0.0010, 0.0010, 0.0010, 0.0010,
        0.0010, 0.0010, 0.0016, 0.9943, 0.0013, 0.0010, 0.0010, 0.0010, 0.0011,
        0.0010, 0.0018, 0.9938, 0.0012, 0.0010, 0.0010, 0.0010, 0.0010, 0.0010,
        0.0010, 0.9946], device='cuda:0')
Epoch [1/200], Step [1302/9375], Loss: 0.0125
source illustration G00000-Y00000-B00000-R00000-000000-000000-000000
target illustration B00000-R00000-Y00000-G00000-000000-000000-000000
plan illustration 00000001000000010000000100000001000000010000000100000001000000010000000100000001000000010000000100000001000000010000000100000001
predicted:  tensor([0.0010, 0.0010, 0.0010, 0.0010, 0.0010, 0.0010, 0.0010, 0.9990, 0.0010,
        0.0010, 0.0010, 0.0010, 0.0010, 0.0010, 0.0010, 0.9999, 0.0010, 0.0010,
        0.0010, 0.0010, 0.0010, 0.0010, 0.0010, 0.9992, 0.0010, 0.0010, 0.0010,
        0.0010, 0.0010, 0.0010, 0.0010, 0.9992, 0.0010, 0.0010, 0.0010, 0.0010,
        0.0010, 0.0010, 0.0010, 1.0000, 0.0010, 0.0010, 0.0010, 0.0010, 0.0010,
        0.0010, 0.0010, 1.0000, 0.0010, 0.0010, 0.0010, 0.0010, 0.0010, 0.0010,
        0.0010, 1.0000, 0.0010, 0.0010, 0.0010, 0.0010, 0.0010, 0.0010, 0.0010,
        1.0000, 0.0010, 0.0010, 0.0010, 0.0010, 0.0010, 0.0010, 0.0010, 1.0000,
        0.0010, 0.0010, 0.0010, 0.0010, 0.0010, 0.0010, 0.0010, 1.0000, 0.0010,
        0.0010, 0.0010, 0.0010, 0.0010, 0.0010, 0.0010, 1.0000, 0.0010, 0.0010,
        0.0010, 0.0010, 0.0010, 0.0010, 0.0010, 1.0000, 0.0010, 0.0010, 0.0010,
        0.0010, 0.0010, 0.0010, 0.0010, 1.0000, 0.0010, 0.0010, 0.0010, 0.0010,
        0.0010, 0.0010, 0.0010, 1.0000, 0.0010, 0.0010, 0.0010, 0.0010, 0.0010,
        0.0010, 0.0010, 1.0000, 0.0010, 0.0010, 0.0010, 0.0010, 0.0010, 0.0010,
        0.0010, 1.0000], device='cuda:0')
Epoch [1/200], Step [1395/9375], Loss: 0.0118
source illustration R00000-O00000-B00000-P00000-G00000-000000-000000
target illustration P00000-O00000-G00000-B00000-R00000-000000-000000
plan illustration 00000001000000010000000100000001000000010000000100000001000000010000000100000001000000010000000100000001000000010000000100000001
predicted:  tensor([0.0010, 0.0010, 0.0010, 0.0010, 0.0010, 0.0010, 0.0010, 0.9995, 0.0010,
        0.0010, 0.0010, 0.0010, 0.0010, 0.0010, 0.0010, 0.9998, 0.0010, 0.0010,
        0.0010, 0.0010, 0.0010, 0.0010, 0.0010, 1.0000, 0.0010, 0.0010, 0.0010,
        0.0010, 0.0010, 0.0010, 0.0010, 1.0000, 0.0010, 0.0010, 0.0010, 0.0010,
        0.0010, 0.0010, 0.0010, 1.0000, 0.0010, 0.0010, 0.0010, 0.0010, 0.0010,
        0.0010, 0.0010, 1.0000, 0.0010, 0.0010, 0.0010, 0.0010, 0.0010, 0.0010,
        0.0010, 1.0000, 0.0010, 0.0010, 0.0010, 0.0010, 0.0010, 0.0010, 0.0010,
        1.0000, 0.0010, 0.0010, 0.0010, 0.0010, 0.0010, 0.0010, 0.0010, 1.0000,
        0.0010, 0.0010, 0.0010, 0.0010, 0.0010, 0.0010, 0.0010, 1.0000, 0.0010,
        0.0010, 0.0010, 0.0010, 0.0010, 0.0010, 0.0010, 1.0000, 0.0010, 0.0010,
        0.0010, 0.0010, 0.0010, 0.0010, 0.0010, 1.0000, 0.0010, 0.0010, 0.0010,
        0.0010, 0.0010, 0.0010, 0.0010, 1.0000, 0.0010, 0.0010, 0.0010, 0.0010,
        0.0010, 0.0010, 0.0010, 1.0000, 0.0010, 0.0010, 0.0010, 0.0010, 0.0010,
        0.0010, 0.0010, 1.0000, 0.0010, 0.0010, 0.0010, 0.0010, 0.0010, 0.0010,
        0.0010, 1.0000], device='cuda:0')
Epoch [1/200], Step [1488/9375], Loss: 0.0127
source illustration R00000-Y00000-B00000-O00000-P00000-000000-000000
target illustration B00000-O00000-Y00000-R00000-P00000-000000-000000
plan illustration 00000001000000010000000100000001000000010000000100000001000000010000000100000001000000010000000100000001000000010000000100000001
predicted:  tensor([0.0010, 0.0010, 0.0010, 0.0010, 0.0010, 0.0010, 0.0010, 1.0000, 0.0010,
        0.0010, 0.0010, 0.0010, 0.0010, 0.0010, 0.0010, 1.0000, 0.0010, 0.0010,
        0.0010, 0.0010, 0.0010, 0.0010, 0.0010, 1.0000, 0.0010, 0.0010, 0.0010,
        0.0010, 0.0010, 0.0010, 0.0010, 1.0000, 0.0010, 0.0010, 0.0010, 0.0010,
        0.0010, 0.0010, 0.0010, 1.0000, 0.0010, 0.0010, 0.0010, 0.0010, 0.0010,
        0.0010, 0.0010, 1.0000, 0.0010, 0.0010, 0.0010, 0.0010, 0.0010, 0.0010,
        0.0010, 1.0000, 0.0010, 0.0010, 0.0010, 0.0010, 0.0010, 0.0010, 0.0010,
        1.0000, 0.0010, 0.0010, 0.0010, 0.0010, 0.0010, 0.0010, 0.0010, 1.0000,
        0.0010, 0.0010, 0.0010, 0.0010, 0.0010, 0.0010, 0.0010, 1.0000, 0.0010,
        0.0010, 0.0010, 0.0010, 0.0010, 0.0010, 0.0010, 1.0000, 0.0010, 0.0010,
        0.0010, 0.0010, 0.0010, 0.0010, 0.0010, 1.0000, 0.0010, 0.0010, 0.0010,
        0.0010, 0.0010, 0.0010, 0.0010, 1.0000, 0.0010, 0.0010, 0.0010, 0.0010,
        0.0010, 0.0010, 0.0010, 1.0000, 0.0010, 0.0010, 0.0010, 0.0010, 0.0010,
        0.0010, 0.0010, 1.0000, 0.0010, 0.0010, 0.0010, 0.0010, 0.0010, 0.0010,
        0.0010, 1.0000], device='cuda:0')
Epoch [1/200], Step [1581/9375], Loss: 0.0101
source illustration PY0000-BRG000-000000-000000-000000-000000-000000
target illustration P00000-G00000-Y00000-BR0000-000000-000000-000000
plan illustration 00010000100000000000010010000000000000010000000100000001000000010000000100000001000000010000000100000001000000010000000100000001
predicted:  tensor([0.0081, 0.1678, 0.1491, 0.2072, 0.2004, 0.1177, 0.1335, 0.0161, 0.9370,
        0.0016, 0.0016, 0.0020, 0.0029, 0.0034, 0.0033, 0.0481, 0.0050, 0.1431,
        0.0852, 0.1230, 0.1320, 0.1347, 0.1444, 0.2326, 0.6420, 0.0396, 0.0136,
        0.0205, 0.0248, 0.0151, 0.0211, 0.2231, 0.0015, 0.0011, 0.0010, 0.0010,
        0.0017, 0.0011, 0.0011, 0.9919, 0.0010, 0.0023, 0.0010, 0.0010, 0.0015,
        0.0012, 0.0016, 0.9914, 0.0036, 0.0034, 0.0010, 0.0010, 0.0010, 0.0010,
        0.0012, 0.9900, 0.0022, 0.0010, 0.0010, 0.0033, 0.0010, 0.0010, 0.0010,
        0.9915, 0.0010, 0.0019, 0.0011, 0.0010, 0.0016, 0.0011, 0.0010, 0.9928,
        0.0010, 0.0024, 0.0027, 0.0023, 0.0010, 0.0016, 0.0010, 0.9894, 0.0024,
        0.0013, 0.0010, 0.0010, 0.0010, 0.0010, 0.0017, 0.9928, 0.0010, 0.0010,
        0.0010, 0.0014, 0.0010, 0.0011, 0.0014, 0.9933, 0.0021, 0.0011, 0.0010,
        0.0010, 0.0010, 0.0010, 0.0019, 0.9931, 0.0010, 0.0010, 0.0011, 0.0015,
        0.0016, 0.0010, 0.0025, 0.9913, 0.0021, 0.0010, 0.0010, 0.0015, 0.0019,
        0.0010, 0.0031, 0.9898, 0.0019, 0.0010, 0.0013, 0.0014, 0.0013, 0.0010,
        0.0015, 0.9919], device='cuda:0')
Epoch [1/200], Step [1674/9375], Loss: 0.0126
source illustration Y00000-B00000-R00000-GO0000-000000-000000-000000
target illustration YR0000-GO0000-000000-000000-000000-000000-000000
plan illustration 00000010000100000000100000000001000000010000000100000001000000010000000100000001000000010000000100000001000000010000000100000001
predicted:  tensor([0.0077, 0.1787, 0.1236, 0.1308, 0.2170, 0.1484, 0.1519, 0.0419, 0.0221,
        0.1372, 0.1268, 0.0913, 0.0967, 0.1080, 0.1350, 0.2829, 0.0014, 0.0731,
        0.0745, 0.0887, 0.0744, 0.1034, 0.0553, 0.5292, 0.0032, 0.0383, 0.0519,
        0.0371, 0.0508, 0.0471, 0.0548, 0.7169, 0.0010, 0.0010, 0.0010, 0.0010,
        0.0011, 0.0010, 0.0010, 0.9950, 0.0010, 0.0014, 0.0010, 0.0010, 0.0010,
        0.0010, 0.0010, 0.9948, 0.0024, 0.0022, 0.0010, 0.0010, 0.0010, 0.0010,
        0.0010, 0.9936, 0.0013, 0.0010, 0.0010, 0.0020, 0.0010, 0.0010, 0.0010,
        0.9949, 0.0010, 0.0012, 0.0010, 0.0010, 0.0010, 0.0010, 0.0010, 0.9956,
        0.0010, 0.0013, 0.0016, 0.0015, 0.0010, 0.0010, 0.0010, 0.9937, 0.0014,
        0.0010, 0.0010, 0.0010, 0.0010, 0.0010, 0.0010, 0.9957, 0.0010, 0.0010,
        0.0010, 0.0010, 0.0010, 0.0010, 0.0010, 0.9958, 0.0014, 0.0010, 0.0010,
        0.0010, 0.0010, 0.0010, 0.0012, 0.9956, 0.0010, 0.0010, 0.0010, 0.0010,
        0.0010, 0.0010, 0.0015, 0.9947, 0.0011, 0.0010, 0.0010, 0.0010, 0.0011,
        0.0010, 0.0021, 0.9942, 0.0011, 0.0010, 0.0010, 0.0010, 0.0010, 0.0010,
        0.0010, 0.9952], device='cuda:0')
Epoch [1/200], Step [1767/9375], Loss: 0.0152
source illustration P00000-B00000-Y00000-G00000-O00000-000000-000000
target illustration Y00000-O00000-GP0000-000000-000000-000000-000000
plan illustration 00001000000000010010000000000100000000010000000100000001000000010000000100000001000000010000000100000001000000010000000100000001
predicted:  tensor([0.0090, 0.1377, 0.1563, 0.1595, 0.1397, 0.2143, 0.1662, 0.0173, 0.0044,
        0.0650, 0.0917, 0.0432, 0.0660, 0.0608, 0.0492, 0.6197, 0.0021, 0.1720,
        0.1349, 0.1290, 0.1282, 0.1489, 0.2059, 0.0791, 0.0065, 0.0751, 0.0845,
        0.0731, 0.0786, 0.1097, 0.0694, 0.5032, 0.0023, 0.0017, 0.0017, 0.0012,
        0.0027, 0.0018, 0.0019, 0.9867, 0.0010, 0.0031, 0.0012, 0.0015, 0.0023,
        0.0018, 0.0024, 0.9871, 0.0047, 0.0043, 0.0010, 0.0010, 0.0012, 0.0012,
        0.0017, 0.9864, 0.0035, 0.0010, 0.0012, 0.0049, 0.0010, 0.0013, 0.0012,
        0.9866, 0.0015, 0.0028, 0.0018, 0.0010, 0.0023, 0.0018, 0.0010, 0.9888,
        0.0013, 0.0031, 0.0035, 0.0033, 0.0010, 0.0021, 0.0010, 0.9857, 0.0034,
        0.0020, 0.0013, 0.0010, 0.0010, 0.0012, 0.0026, 0.9890, 0.0010, 0.0016,
        0.0010, 0.0023, 0.0016, 0.0018, 0.0023, 0.9889, 0.0032, 0.0019, 0.0010,
        0.0010, 0.0013, 0.0010, 0.0028, 0.9888, 0.0014, 0.0010, 0.0019, 0.0025,
        0.0024, 0.0010, 0.0037, 0.9863, 0.0022, 0.0011, 0.0010, 0.0012, 0.0027,
        0.0010, 0.0042, 0.9874, 0.0027, 0.0010, 0.0020, 0.0022, 0.0019, 0.0010,
        0.0024, 0.9874], device='cuda:0')
Epoch [1/200], Step [1860/9375], Loss: 0.0132
source illustration O00000-R00000-Y00000-P00000-G00000-000000-000000
target illustration R00000-P00000-O00000-Y00000-000000-000000-000000
plan illustration 00000100000000010000000100000001000000010000000100000001000000010000000100000001000000010000000100000001000000010000000100000001
predicted:  tensor([0.0015, 0.3296, 0.1926, 0.1461, 0.0637, 0.0010, 0.2046, 0.0611, 0.0098,
        0.0271, 0.0123, 0.0183, 0.0238, 0.0217, 0.0147, 0.8722, 0.0010, 0.0106,
        0.0072, 0.0090, 0.0055, 0.0128, 0.0060, 0.9488, 0.0010, 0.0010, 0.0012,
        0.0011, 0.0020, 0.0016, 0.0064, 0.9862, 0.0010, 0.0010, 0.0010, 0.0010,
        0.0010, 0.0010, 0.0010, 0.9995, 0.0010, 0.0010, 0.0010, 0.0010, 0.0010,
        0.0010, 0.0010, 0.9995, 0.0010, 0.0010, 0.0010, 0.0010, 0.0010, 0.0010,
        0.0010, 0.9993, 0.0010, 0.0010, 0.0010, 0.0010, 0.0010, 0.0010, 0.0010,
        0.9995, 0.0010, 0.0010, 0.0010, 0.0010, 0.0010, 0.0010, 0.0010, 0.9996,
        0.0010, 0.0010, 0.0010, 0.0010, 0.0010, 0.0010, 0.0010, 0.9994, 0.0010,
        0.0010, 0.0010, 0.0010, 0.0010, 0.0010, 0.0010, 0.9996, 0.0010, 0.0010,
        0.0010, 0.0010, 0.0010, 0.0010, 0.0010, 0.9996, 0.0010, 0.0010, 0.0010,
        0.0010, 0.0010, 0.0010, 0.0010, 0.9995, 0.0010, 0.0010, 0.0010, 0.0010,
        0.0010, 0.0010, 0.0010, 0.9995, 0.0010, 0.0010, 0.0010, 0.0010, 0.0010,
        0.0010, 0.0010, 0.9994, 0.0010, 0.0010, 0.0010, 0.0010, 0.0010, 0.0010,
        0.0010, 0.9995], device='cuda:0')
Epoch [1/200], Step [1953/9375], Loss: 0.0146
source illustration O00000-Y00000-G00000-R00000-B00000-000000-000000
target illustration R00000-O00000-G00000-Y00000-B00000-000000-000000
plan illustration 00000001000000010000000100000001000000010000000100000001000000010000000100000001000000010000000100000001000000010000000100000001
predicted:  tensor([0.0010, 0.0010, 0.0010, 0.0010, 0.0010, 0.0010, 0.0010, 0.9988, 0.0010,
        0.0010, 0.0010, 0.0010, 0.0010, 0.0010, 0.0010, 0.9970, 0.0010, 0.0010,
        0.0010, 0.0010, 0.0010, 0.0010, 0.0010, 0.9999, 0.0010, 0.0010, 0.0010,
        0.0010, 0.0010, 0.0010, 0.0010, 0.9997, 0.0010, 0.0010, 0.0010, 0.0010,
        0.0010, 0.0010, 0.0010, 1.0000, 0.0010, 0.0010, 0.0010, 0.0010, 0.0010,
        0.0010, 0.0010, 1.0000, 0.0010, 0.0010, 0.0010, 0.0010, 0.0010, 0.0010,
        0.0010, 1.0000, 0.0010, 0.0010, 0.0010, 0.0010, 0.0010, 0.0010, 0.0010,
        1.0000, 0.0010, 0.0010, 0.0010, 0.0010, 0.0010, 0.0010, 0.0010, 1.0000,
        0.0010, 0.0010, 0.0010, 0.0010, 0.0010, 0.0010, 0.0010, 1.0000, 0.0010,
        0.0010, 0.0010, 0.0010, 0.0010, 0.0010, 0.0010, 1.0000, 0.0010, 0.0010,
        0.0010, 0.0010, 0.0010, 0.0010, 0.0010, 1.0000, 0.0010, 0.0010, 0.0010,
        0.0010, 0.0010, 0.0010, 0.0010, 1.0000, 0.0010, 0.0010, 0.0010, 0.0010,
        0.0010, 0.0010, 0.0010, 1.0000, 0.0010, 0.0010, 0.0010, 0.0010, 0.0010,
        0.0010, 0.0010, 1.0000, 0.0010, 0.0010, 0.0010, 0.0010, 0.0010, 0.0010,
        0.0010, 1.0000], device='cuda:0')
Epoch [1/200], Step [2046/9375], Loss: 0.0139
source illustration O00000-P00000-G00000-R00000-B00000-000000-000000
target illustration P00000-R00000-B00000-O00000-G00000-000000-000000
plan illustration 00000001000000010000000100000001000000010000000100000001000000010000000100000001000000010000000100000001000000010000000100000001
predicted:  tensor([0.0060, 0.1572, 0.1390, 0.1606, 0.1659, 0.1275, 0.2328, 0.0110, 0.0977,
        0.1061, 0.0716, 0.1169, 0.1218, 0.1106, 0.1151, 0.2602, 0.0051, 0.0971,
        0.0885, 0.1066, 0.1060, 0.0409, 0.1037, 0.4522, 0.0809, 0.0542, 0.0684,
        0.0454, 0.0623, 0.0620, 0.0170, 0.6097, 0.0011, 0.0010, 0.0010, 0.0010,
        0.0012, 0.0010, 0.0010, 0.9945, 0.0010, 0.0015, 0.0010, 0.0010, 0.0010,
        0.0010, 0.0010, 0.9944, 0.0027, 0.0025, 0.0010, 0.0010, 0.0010, 0.0010,
        0.0010, 0.9930, 0.0014, 0.0010, 0.0010, 0.0022, 0.0010, 0.0010, 0.0010,
        0.9946, 0.0010, 0.0012, 0.0010, 0.0010, 0.0010, 0.0010, 0.0010, 0.9957,
        0.0010, 0.0015, 0.0018, 0.0015, 0.0010, 0.0010, 0.0010, 0.9932, 0.0015,
        0.0010, 0.0010, 0.0010, 0.0010, 0.0010, 0.0011, 0.9955, 0.0010, 0.0010,
        0.0010, 0.0010, 0.0010, 0.0010, 0.0010, 0.9959, 0.0014, 0.0010, 0.0010,
        0.0010, 0.0010, 0.0010, 0.0012, 0.9957, 0.0010, 0.0010, 0.0010, 0.0010,
        0.0010, 0.0010, 0.0016, 0.9948, 0.0012, 0.0010, 0.0010, 0.0010, 0.0013,
        0.0010, 0.0023, 0.9936, 0.0012, 0.0010, 0.0010, 0.0010, 0.0010, 0.0010,
        0.0010, 0.9950], device='cuda:0')
Epoch [1/200], Step [2139/9375], Loss: 0.0185
source illustration B00000-R00000-YPO000-000000-000000-000000-000000
target illustration R00000-YP0000-000000-000000-000000-000000-000000
plan illustration 00001000000000010100000000000001000000010000000100000001000000010000000100000001000000010000000100000001000000010000000100000001
predicted:  tensor([0.0031, 0.2219, 0.1584, 0.1233, 0.1526, 0.1894, 0.1439, 0.0074, 0.0611,
        0.0308, 0.0410, 0.0416, 0.0412, 0.0045, 0.0445, 0.7354, 0.0030, 0.1284,
        0.1362, 0.0948, 0.1869, 0.1118, 0.1466, 0.1924, 0.1007, 0.0651, 0.0393,
        0.0505, 0.0422, 0.0466, 0.0273, 0.6284, 0.0010, 0.0010, 0.0010, 0.0010,
        0.0010, 0.0010, 0.0010, 0.9981, 0.0010, 0.0010, 0.0010, 0.0010, 0.0010,
        0.0010, 0.0010, 0.9982, 0.0010, 0.0010, 0.0010, 0.0010, 0.0010, 0.0010,
        0.0010, 0.9976, 0.0010, 0.0010, 0.0010, 0.0010, 0.0010, 0.0010, 0.0010,
        0.9980, 0.0010, 0.0010, 0.0010, 0.0010, 0.0010, 0.0010, 0.0010, 0.9985,
        0.0010, 0.0010, 0.0010, 0.0010, 0.0010, 0.0010, 0.0010, 0.9978, 0.0010,
        0.0010, 0.0010, 0.0010, 0.0010, 0.0010, 0.0010, 0.9984, 0.0010, 0.0010,
        0.0010, 0.0010, 0.0010, 0.0010, 0.0010, 0.9987, 0.0010, 0.0010, 0.0010,
        0.0010, 0.0010, 0.0010, 0.0010, 0.9985, 0.0010, 0.0010, 0.0010, 0.0010,
        0.0010, 0.0010, 0.0010, 0.9982, 0.0010, 0.0010, 0.0010, 0.0010, 0.0010,
        0.0010, 0.0010, 0.9978, 0.0010, 0.0010, 0.0010, 0.0010, 0.0010, 0.0010,
        0.0010, 0.9983], device='cuda:0')
Epoch [1/200], Step [2232/9375], Loss: 0.0128
source illustration Y00000-G00000-PB0000-000000-000000-000000-000000
target illustration G00000-P00000-B00000-Y00000-000000-000000-000000
plan illustration 00001000100000000000000100000001000000010000000100000001000000010000000100000001000000010000000100000001000000010000000100000001
predicted:  tensor([0.0026, 0.1825, 0.1550, 0.2124, 0.1393, 0.1573, 0.1353, 0.0155, 0.8113,
        0.0018, 0.0031, 0.0019, 0.0020, 0.0041, 0.0016, 0.1743, 0.0015, 0.1412,
        0.1512, 0.1544, 0.1019, 0.1341, 0.1108, 0.2048, 0.5454, 0.0061, 0.0053,
        0.0048, 0.0064, 0.0042, 0.0047, 0.4231, 0.0010, 0.0010, 0.0010, 0.0010,
        0.0010, 0.0010, 0.0010, 0.9993, 0.0010, 0.0010, 0.0010, 0.0010, 0.0010,
        0.0010, 0.0010, 0.9992, 0.0010, 0.0010, 0.0010, 0.0010, 0.0010, 0.0010,
        0.0010, 0.9988, 0.0010, 0.0010, 0.0010, 0.0010, 0.0010, 0.0010, 0.0010,
        0.9991, 0.0010, 0.0010, 0.0010, 0.0010, 0.0010, 0.0010, 0.0010, 0.9994,
        0.0010, 0.0010, 0.0010, 0.0010, 0.0010, 0.0010, 0.0010, 0.9989, 0.0010,
        0.0010, 0.0010, 0.0010, 0.0010, 0.0010, 0.0010, 0.9993, 0.0010, 0.0010,
        0.0010, 0.0010, 0.0010, 0.0010, 0.0010, 0.9994, 0.0010, 0.0010, 0.0010,
        0.0010, 0.0010, 0.0010, 0.0010, 0.9993, 0.0010, 0.0010, 0.0010, 0.0010,
        0.0010, 0.0010, 0.0010, 0.9992, 0.0010, 0.0010, 0.0010, 0.0010, 0.0010,
        0.0010, 0.0010, 0.9989, 0.0010, 0.0010, 0.0010, 0.0010, 0.0010, 0.0010,
        0.0010, 0.9993], device='cuda:0')
Epoch [1/200], Step [2325/9375], Loss: 0.0137
source illustration B00000-R00000-O00000-Y00000-P00000-000000-000000
target illustration Y00000-R00000-O00000-000000-000000-000000-000000
plan illustration 00100000000000010000100000000001000000010000000100000001000000010000000100000001000000010000000100000001000000010000000100000001
predicted:  tensor([0.0048, 0.1680, 0.1441, 0.1801, 0.2076, 0.1423, 0.1399, 0.0133, 0.0078,
        0.0618, 0.0649, 0.0688, 0.0526, 0.0576, 0.0804, 0.6061, 0.0028, 0.1444,
        0.1184, 0.1312, 0.1233, 0.1609, 0.1135, 0.2055, 0.0091, 0.0518, 0.0638,
        0.0624, 0.0756, 0.0471, 0.0290, 0.6612, 0.0010, 0.0010, 0.0010, 0.0010,
        0.0010, 0.0010, 0.0010, 0.9959, 0.0010, 0.0011, 0.0010, 0.0010, 0.0010,
        0.0010, 0.0010, 0.9958, 0.0018, 0.0017, 0.0010, 0.0010, 0.0010, 0.0010,
        0.0010, 0.9952, 0.0011, 0.0010, 0.0010, 0.0018, 0.0010, 0.0010, 0.0010,
        0.9957, 0.0010, 0.0010, 0.0010, 0.0010, 0.0010, 0.0010, 0.0010, 0.9964,
        0.0010, 0.0011, 0.0013, 0.0011, 0.0010, 0.0010, 0.0010, 0.9951, 0.0012,
        0.0010, 0.0010, 0.0010, 0.0010, 0.0010, 0.0010, 0.9965, 0.0010, 0.0010,
        0.0010, 0.0010, 0.0010, 0.0010, 0.0010, 0.9966, 0.0011, 0.0010, 0.0010,
        0.0010, 0.0010, 0.0010, 0.0010, 0.9964, 0.0010, 0.0010, 0.0010, 0.0010,
        0.0010, 0.0010, 0.0013, 0.9958, 0.0010, 0.0010, 0.0010, 0.0010, 0.0010,
        0.0010, 0.0016, 0.9955, 0.0010, 0.0010, 0.0010, 0.0010, 0.0010, 0.0010,
        0.0010, 0.9960], device='cuda:0')
Epoch [1/200], Step [2418/9375], Loss: 0.0149
source illustration B00000-Y00000-G00000-O00000-P00000-000000-000000
target illustration O00000-YP0000-BG0000-000000-000000-000000-000000
plan illustration 00100000000100000000010000001000000000010000000100000001000000010000000100000001000000010000000100000001000000010000000100000001
predicted:  tensor([0.0056, 0.1991, 0.1929, 0.1610, 0.1486, 0.1513, 0.1335, 0.0080, 0.0047,
        0.1605, 0.1683, 0.1102, 0.1777, 0.1356, 0.1568, 0.0862, 0.0026, 0.1712,
        0.1573, 0.1494, 0.1240, 0.1111, 0.1653, 0.1192, 0.0020, 0.1667, 0.1369,
        0.0962, 0.1216, 0.1515, 0.1289, 0.1962, 0.0010, 0.0010, 0.0010, 0.0010,
        0.0010, 0.0010, 0.0010, 0.9952, 0.0010, 0.0013, 0.0010, 0.0010, 0.0010,
        0.0010, 0.0010, 0.9951, 0.0022, 0.0019, 0.0010, 0.0010, 0.0010, 0.0010,
        0.0010, 0.9943, 0.0014, 0.0010, 0.0010, 0.0022, 0.0010, 0.0010, 0.0010,
        0.9948, 0.0010, 0.0012, 0.0010, 0.0010, 0.0010, 0.0010, 0.0010, 0.9957,
        0.0010, 0.0014, 0.0015, 0.0014, 0.0010, 0.0010, 0.0010, 0.9943, 0.0015,
        0.0010, 0.0010, 0.0010, 0.0010, 0.0010, 0.0010, 0.9958, 0.0010, 0.0010,
        0.0010, 0.0010, 0.0010, 0.0010, 0.0010, 0.9961, 0.0014, 0.0010, 0.0010,
        0.0010, 0.0010, 0.0010, 0.0011, 0.9957, 0.0010, 0.0010, 0.0010, 0.0010,
        0.0010, 0.0010, 0.0015, 0.9948, 0.0010, 0.0010, 0.0010, 0.0010, 0.0011,
        0.0010, 0.0020, 0.9949, 0.0011, 0.0010, 0.0010, 0.0010, 0.0010, 0.0010,
        0.0010, 0.9953], device='cuda:0')
Epoch [1/200], Step [2511/9375], Loss: 0.0132
source illustration R00000-B00000-P00000-OY0000-000000-000000-000000
target illustration P00000-Y00000-B00000-R00000-O00000-000000-000000
plan illustration 00010000100000000000000100000001000000010000000100000001000000010000000100000001000000010000000100000001000000010000000100000001
predicted:  tensor([0.0017, 0.1225, 0.1129, 0.1343, 0.2443, 0.1325, 0.1831, 0.0686, 0.9564,
        0.0055, 0.0034, 0.0018, 0.0023, 0.0017, 0.0029, 0.0259, 0.0010, 0.0114,
        0.0127, 0.0117, 0.0148, 0.0045, 0.0082, 0.9366, 0.0194, 0.0013, 0.0013,
        0.0020, 0.0017, 0.0024, 0.0013, 0.9707, 0.0010, 0.0010, 0.0010, 0.0010,
        0.0010, 0.0010, 0.0010, 0.9999, 0.0010, 0.0010, 0.0010, 0.0010, 0.0010,
        0.0010, 0.0010, 0.9999, 0.0010, 0.0010, 0.0010, 0.0010, 0.0010, 0.0010,
        0.0010, 0.9998, 0.0010, 0.0010, 0.0010, 0.0010, 0.0010, 0.0010, 0.0010,
        0.9999, 0.0010, 0.0010, 0.0010, 0.0010, 0.0010, 0.0010, 0.0010, 0.9999,
        0.0010, 0.0010, 0.0010, 0.0010, 0.0010, 0.0010, 0.0010, 0.9999, 0.0010,
        0.0010, 0.0010, 0.0010, 0.0010, 0.0010, 0.0010, 0.9999, 0.0010, 0.0010,
        0.0010, 0.0010, 0.0010, 0.0010, 0.0010, 0.9999, 0.0010, 0.0010, 0.0010,
        0.0010, 0.0010, 0.0010, 0.0010, 0.9999, 0.0010, 0.0010, 0.0010, 0.0010,
        0.0010, 0.0010, 0.0010, 0.9999, 0.0010, 0.0010, 0.0010, 0.0010, 0.0010,
        0.0010, 0.0010, 0.9999, 0.0010, 0.0010, 0.0010, 0.0010, 0.0010, 0.0010,
        0.0010, 0.9999], device='cuda:0')
Epoch [1/200], Step [2604/9375], Loss: 0.0121
source illustration R00000-G00000-O00000-Y00000-P00000-000000-000000
target illustration G00000-R00000-P00000-O00000-Y00000-000000-000000
plan illustration 00000001000000010000000100000001000000010000000100000001000000010000000100000001000000010000000100000001000000010000000100000001
predicted:  tensor([0.0010, 0.0010, 0.0010, 0.0010, 0.0010, 0.0010, 0.0010, 1.0000, 0.0010,
        0.0010, 0.0010, 0.0010, 0.0010, 0.0010, 0.0010, 1.0000, 0.0010, 0.0010,
        0.0010, 0.0010, 0.0010, 0.0010, 0.0010, 1.0000, 0.0010, 0.0010, 0.0010,
        0.0010, 0.0010, 0.0010, 0.0010, 1.0000, 0.0010, 0.0010, 0.0010, 0.0010,
        0.0010, 0.0010, 0.0010, 1.0000, 0.0010, 0.0010, 0.0010, 0.0010, 0.0010,
        0.0010, 0.0010, 1.0000, 0.0010, 0.0010, 0.0010, 0.0010, 0.0010, 0.0010,
        0.0010, 1.0000, 0.0010, 0.0010, 0.0010, 0.0010, 0.0010, 0.0010, 0.0010,
        1.0000, 0.0010, 0.0010, 0.0010, 0.0010, 0.0010, 0.0010, 0.0010, 1.0000,
        0.0010, 0.0010, 0.0010, 0.0010, 0.0010, 0.0010, 0.0010, 1.0000, 0.0010,
        0.0010, 0.0010, 0.0010, 0.0010, 0.0010, 0.0010, 1.0000, 0.0010, 0.0010,
        0.0010, 0.0010, 0.0010, 0.0010, 0.0010, 1.0000, 0.0010, 0.0010, 0.0010,
        0.0010, 0.0010, 0.0010, 0.0010, 1.0000, 0.0010, 0.0010, 0.0010, 0.0010,
        0.0010, 0.0010, 0.0010, 1.0000, 0.0010, 0.0010, 0.0010, 0.0010, 0.0010,
        0.0010, 0.0010, 1.0000, 0.0010, 0.0010, 0.0010, 0.0010, 0.0010, 0.0010,
        0.0010, 1.0000], device='cuda:0')
Epoch [1/200], Step [2697/9375], Loss: 0.0133
source illustration O00000-B00000-Y00000-G00000-P00000-000000-000000
target illustration B00000-Y00000-O00000-P00000-G00000-000000-000000
plan illustration 00000001000000010000000100000001000000010000000100000001000000010000000100000001000000010000000100000001000000010000000100000001
predicted:  tensor([0.0010, 0.0010, 0.0010, 0.0010, 0.0010, 0.0010, 0.0010, 0.9999, 0.0010,
        0.0010, 0.0010, 0.0010, 0.0010, 0.0010, 0.0010, 1.0000, 0.0010, 0.0010,
        0.0010, 0.0010, 0.0010, 0.0010, 0.0010, 0.9999, 0.0010, 0.0010, 0.0010,
        0.0010, 0.0010, 0.0010, 0.0010, 0.9999, 0.0010, 0.0010, 0.0010, 0.0010,
        0.0010, 0.0010, 0.0010, 1.0000, 0.0010, 0.0010, 0.0010, 0.0010, 0.0010,
        0.0010, 0.0010, 1.0000, 0.0010, 0.0010, 0.0010, 0.0010, 0.0010, 0.0010,
        0.0010, 1.0000, 0.0010, 0.0010, 0.0010, 0.0010, 0.0010, 0.0010, 0.0010,
        1.0000, 0.0010, 0.0010, 0.0010, 0.0010, 0.0010, 0.0010, 0.0010, 1.0000,
        0.0010, 0.0010, 0.0010, 0.0010, 0.0010, 0.0010, 0.0010, 1.0000, 0.0010,
        0.0010, 0.0010, 0.0010, 0.0010, 0.0010, 0.0010, 1.0000, 0.0010, 0.0010,
        0.0010, 0.0010, 0.0010, 0.0010, 0.0010, 1.0000, 0.0010, 0.0010, 0.0010,
        0.0010, 0.0010, 0.0010, 0.0010, 1.0000, 0.0010, 0.0010, 0.0010, 0.0010,
        0.0010, 0.0010, 0.0010, 1.0000, 0.0010, 0.0010, 0.0010, 0.0010, 0.0010,
        0.0010, 0.0010, 1.0000, 0.0010, 0.0010, 0.0010, 0.0010, 0.0010, 0.0010,
        0.0010, 1.0000], device='cuda:0')
Epoch [1/200], Step [2790/9375], Loss: 0.0112
source illustration Y00000-R00000-B00000-GP0000-000000-000000-000000
target illustration R00000-Y00000-B00000-GP0000-000000-000000-000000
plan illustration 00000001000000010000000100000001000000010000000100000001000000010000000100000001000000010000000100000001000000010000000100000001
predicted:  tensor([0.0043, 0.1581, 0.1431, 0.1910, 0.1529, 0.1552, 0.1849, 0.0104, 0.7840,
        0.0281, 0.0355, 0.0214, 0.0264, 0.0253, 0.0305, 0.0488, 0.0027, 0.0835,
        0.0749, 0.0945, 0.0532, 0.1007, 0.0643, 0.5262, 0.1153, 0.0252, 0.0385,
        0.0434, 0.0522, 0.0321, 0.0348, 0.6585, 0.0010, 0.0010, 0.0010, 0.0010,
        0.0010, 0.0010, 0.0010, 0.9972, 0.0010, 0.0010, 0.0010, 0.0010, 0.0010,
        0.0010, 0.0010, 0.9970, 0.0015, 0.0014, 0.0010, 0.0010, 0.0010, 0.0010,
        0.0010, 0.9961, 0.0010, 0.0010, 0.0010, 0.0013, 0.0010, 0.0010, 0.0010,
        0.9970, 0.0010, 0.0010, 0.0010, 0.0010, 0.0010, 0.0010, 0.0010, 0.9975,
        0.0010, 0.0010, 0.0010, 0.0010, 0.0010, 0.0010, 0.0010, 0.9962, 0.0010,
        0.0010, 0.0010, 0.0010, 0.0010, 0.0010, 0.0010, 0.9976, 0.0010, 0.0010,
        0.0010, 0.0010, 0.0010, 0.0010, 0.0010, 0.9977, 0.0010, 0.0010, 0.0010,
        0.0010, 0.0010, 0.0010, 0.0010, 0.9976, 0.0010, 0.0010, 0.0010, 0.0010,
        0.0010, 0.0010, 0.0010, 0.9971, 0.0010, 0.0010, 0.0010, 0.0010, 0.0010,
        0.0010, 0.0013, 0.9963, 0.0010, 0.0010, 0.0010, 0.0010, 0.0010, 0.0010,
        0.0010, 0.9972], device='cuda:0')
Epoch [1/200], Step [2883/9375], Loss: 0.0120
source illustration Y00000-B00000-P00000-O00000-R00000-000000-000000
target illustration B00000-O00000-P00000-R00000-000000-000000-000000
plan illustration 00010000000000010000000100000001000000010000000100000001000000010000000100000001000000010000000100000001000000010000000100000001
predicted:  tensor([0.0010, 0.2126, 0.1794, 0.1534, 0.1408, 0.1603, 0.1255, 0.0272, 0.0039,
        0.0024, 0.0044, 0.0015, 0.0017, 0.0020, 0.0018, 0.9823, 0.0010, 0.0262,
        0.0202, 0.0298, 0.0170, 0.0135, 0.0234, 0.8699, 0.0133, 0.0020, 0.0030,
        0.0029, 0.0023, 0.0034, 0.0019, 0.9712, 0.0010, 0.0010, 0.0010, 0.0010,
        0.0010, 0.0010, 0.0010, 0.9999, 0.0010, 0.0010, 0.0010, 0.0010, 0.0010,
        0.0010, 0.0010, 0.9999, 0.0010, 0.0010, 0.0010, 0.0010, 0.0010, 0.0010,
        0.0010, 0.9998, 0.0010, 0.0010, 0.0010, 0.0010, 0.0010, 0.0010, 0.0010,
        0.9999, 0.0010, 0.0010, 0.0010, 0.0010, 0.0010, 0.0010, 0.0010, 0.9999,
        0.0010, 0.0010, 0.0010, 0.0010, 0.0010, 0.0010, 0.0010, 0.9999, 0.0010,
        0.0010, 0.0010, 0.0010, 0.0010, 0.0010, 0.0010, 0.9999, 0.0010, 0.0010,
        0.0010, 0.0010, 0.0010, 0.0010, 0.0010, 0.9999, 0.0010, 0.0010, 0.0010,
        0.0010, 0.0010, 0.0010, 0.0010, 0.9999, 0.0010, 0.0010, 0.0010, 0.0010,
        0.0010, 0.0010, 0.0010, 0.9999, 0.0010, 0.0010, 0.0010, 0.0010, 0.0010,
        0.0010, 0.0010, 0.9999, 0.0010, 0.0010, 0.0010, 0.0010, 0.0010, 0.0010,
        0.0010, 0.9999], device='cuda:0')
Epoch [1/200], Step [2976/9375], Loss: 0.0101
source illustration R00000-B00000-G00000-Y00000-O00000-000000-000000
target illustration Y00000-R00000-G00000-O00000-B00000-000000-000000
plan illustration 00000001000000010000000100000001000000010000000100000001000000010000000100000001000000010000000100000001000000010000000100000001
predicted:  tensor([0.0010, 0.0010, 0.0010, 0.0010, 0.0010, 0.0010, 0.0010, 1.0000, 0.0010,
        0.0010, 0.0010, 0.0010, 0.0010, 0.0010, 0.0010, 0.9997, 0.0010, 0.0010,
        0.0010, 0.0010, 0.0010, 0.0010, 0.0010, 1.0000, 0.0010, 0.0010, 0.0010,
        0.0010, 0.0010, 0.0010, 0.0010, 1.0000, 0.0010, 0.0010, 0.0010, 0.0010,
        0.0010, 0.0010, 0.0010, 1.0000, 0.0010, 0.0010, 0.0010, 0.0010, 0.0010,
        0.0010, 0.0010, 1.0000, 0.0010, 0.0010, 0.0010, 0.0010, 0.0010, 0.0010,
        0.0010, 1.0000, 0.0010, 0.0010, 0.0010, 0.0010, 0.0010, 0.0010, 0.0010,
        1.0000, 0.0010, 0.0010, 0.0010, 0.0010, 0.0010, 0.0010, 0.0010, 1.0000,
        0.0010, 0.0010, 0.0010, 0.0010, 0.0010, 0.0010, 0.0010, 1.0000, 0.0010,
        0.0010, 0.0010, 0.0010, 0.0010, 0.0010, 0.0010, 1.0000, 0.0010, 0.0010,
        0.0010, 0.0010, 0.0010, 0.0010, 0.0010, 1.0000, 0.0010, 0.0010, 0.0010,
        0.0010, 0.0010, 0.0010, 0.0010, 1.0000, 0.0010, 0.0010, 0.0010, 0.0010,
        0.0010, 0.0010, 0.0010, 1.0000, 0.0010, 0.0010, 0.0010, 0.0010, 0.0010,
        0.0010, 0.0010, 1.0000, 0.0010, 0.0010, 0.0010, 0.0010, 0.0010, 0.0010,
        0.0010, 1.0000], device='cuda:0')
Epoch [1/200], Step [3069/9375], Loss: 0.0126
source illustration G00000-O00000-Y00000-BR0000-000000-000000-000000
target illustration R00000-Y00000-O00000-G00000-B00000-000000-000000
plan illustration 00000010100000000000000100000001000000010000000100000001000000010000000100000001000000010000000100000001000000010000000100000001
predicted:  tensor([0.0016, 0.1388, 0.1312, 0.2045, 0.1759, 0.1374, 0.1936, 0.0169, 0.6423,
        0.0288, 0.0348, 0.0326, 0.0286, 0.0348, 0.0327, 0.1653, 0.0010, 0.0154,
        0.0160, 0.0202, 0.0207, 0.0180, 0.0163, 0.8932, 0.0061, 0.0070, 0.0095,
        0.0101, 0.0145, 0.0077, 0.0072, 0.9379, 0.0010, 0.0010, 0.0010, 0.0010,
        0.0010, 0.0010, 0.0010, 0.9997, 0.0010, 0.0010, 0.0010, 0.0010, 0.0010,
        0.0010, 0.0010, 0.9996, 0.0010, 0.0010, 0.0010, 0.0010, 0.0010, 0.0010,
        0.0010, 0.9995, 0.0010, 0.0010, 0.0010, 0.0010, 0.0010, 0.0010, 0.0010,
        0.9996, 0.0010, 0.0010, 0.0010, 0.0010, 0.0010, 0.0010, 0.0010, 0.9997,
        0.0010, 0.0010, 0.0010, 0.0010, 0.0010, 0.0010, 0.0010, 0.9995, 0.0010,
        0.0010, 0.0010, 0.0010, 0.0010, 0.0010, 0.0010, 0.9997, 0.0010, 0.0010,
        0.0010, 0.0010, 0.0010, 0.0010, 0.0010, 0.9997, 0.0010, 0.0010, 0.0010,
        0.0010, 0.0010, 0.0010, 0.0010, 0.9997, 0.0010, 0.0010, 0.0010, 0.0010,
        0.0010, 0.0010, 0.0010, 0.9996, 0.0010, 0.0010, 0.0010, 0.0010, 0.0010,
        0.0010, 0.0010, 0.9995, 0.0010, 0.0010, 0.0010, 0.0010, 0.0010, 0.0010,
        0.0010, 0.9997], device='cuda:0')
Epoch [1/200], Step [3162/9375], Loss: 0.0129
source illustration G00000-O00000-P00000-Y00000-R00000-000000-000000
target illustration R00000-G00000-P00000-Y00000-O00000-000000-000000
plan illustration 00000001000000010000000100000001000000010000000100000001000000010000000100000001000000010000000100000001000000010000000100000001
predicted:  tensor([0.0010, 0.0010, 0.0010, 0.0010, 0.0010, 0.0010, 0.0010, 1.0000, 0.0010,
        0.0010, 0.0010, 0.0010, 0.0010, 0.0010, 0.0010, 1.0000, 0.0010, 0.0010,
        0.0010, 0.0010, 0.0010, 0.0010, 0.0010, 1.0000, 0.0010, 0.0010, 0.0010,
        0.0010, 0.0010, 0.0010, 0.0010, 1.0000, 0.0010, 0.0010, 0.0010, 0.0010,
        0.0010, 0.0010, 0.0010, 1.0000, 0.0010, 0.0010, 0.0010, 0.0010, 0.0010,
        0.0010, 0.0010, 1.0000, 0.0010, 0.0010, 0.0010, 0.0010, 0.0010, 0.0010,
        0.0010, 1.0000, 0.0010, 0.0010, 0.0010, 0.0010, 0.0010, 0.0010, 0.0010,
        1.0000, 0.0010, 0.0010, 0.0010, 0.0010, 0.0010, 0.0010, 0.0010, 1.0000,
        0.0010, 0.0010, 0.0010, 0.0010, 0.0010, 0.0010, 0.0010, 1.0000, 0.0010,
        0.0010, 0.0010, 0.0010, 0.0010, 0.0010, 0.0010, 1.0000, 0.0010, 0.0010,
        0.0010, 0.0010, 0.0010, 0.0010, 0.0010, 1.0000, 0.0010, 0.0010, 0.0010,
        0.0010, 0.0010, 0.0010, 0.0010, 1.0000, 0.0010, 0.0010, 0.0010, 0.0010,
        0.0010, 0.0010, 0.0010, 1.0000, 0.0010, 0.0010, 0.0010, 0.0010, 0.0010,
        0.0010, 0.0010, 1.0000, 0.0010, 0.0010, 0.0010, 0.0010, 0.0010, 0.0010,
        0.0010, 1.0000], device='cuda:0')
Epoch [1/200], Step [3255/9375], Loss: 0.0114
source illustration P00000-G00000-Y00000-B00000-O00000-000000-000000
target illustration O00000-G00000-B00000-PY0000-000000-000000-000000
plan illustration 00010000001000000000000100000001000000010000000100000001000000010000000100000001000000010000000100000001000000010000000100000001
predicted:  tensor([0.0017, 0.1282, 0.1408, 0.1909, 0.2188, 0.1602, 0.1445, 0.0150, 0.0258,
        0.1493, 0.1806, 0.1640, 0.1773, 0.1240, 0.1685, 0.0106, 0.0010, 0.0021,
        0.0019, 0.0028, 0.0020, 0.0039, 0.0018, 0.9855, 0.0010, 0.0049, 0.0118,
        0.0052, 0.0076, 0.0048, 0.0041, 0.9615, 0.0010, 0.0010, 0.0010, 0.0010,
        0.0010, 0.0010, 0.0010, 0.9997, 0.0010, 0.0010, 0.0010, 0.0010, 0.0010,
        0.0010, 0.0010, 0.9996, 0.0010, 0.0010, 0.0010, 0.0010, 0.0010, 0.0010,
        0.0010, 0.9995, 0.0010, 0.0010, 0.0010, 0.0010, 0.0010, 0.0010, 0.0010,
        0.9996, 0.0010, 0.0010, 0.0010, 0.0010, 0.0010, 0.0010, 0.0010, 0.9997,
        0.0010, 0.0010, 0.0010, 0.0010, 0.0010, 0.0010, 0.0010, 0.9995, 0.0010,
        0.0010, 0.0010, 0.0010, 0.0010, 0.0010, 0.0010, 0.9997, 0.0010, 0.0010,
        0.0010, 0.0010, 0.0010, 0.0010, 0.0010, 0.9997, 0.0010, 0.0010, 0.0010,
        0.0010, 0.0010, 0.0010, 0.0010, 0.9997, 0.0010, 0.0010, 0.0010, 0.0010,
        0.0010, 0.0010, 0.0010, 0.9997, 0.0010, 0.0010, 0.0010, 0.0010, 0.0010,
        0.0010, 0.0010, 0.9996, 0.0010, 0.0010, 0.0010, 0.0010, 0.0010, 0.0010,
        0.0010, 0.9997], device='cuda:0')
Epoch [1/200], Step [3348/9375], Loss: 0.0122
source illustration P00000-R00000-B00000-G00000-O00000-000000-000000
target illustration B00000-O00000-RG0000-000000-000000-000000-000000
plan illustration 00100000000000010000010000000010000000010000000100000001000000010000000100000001000000010000000100000001000000010000000100000001
predicted:  tensor([0.0048, 0.1367, 0.1476, 0.1271, 0.1752, 0.1833, 0.1480, 0.0773, 0.0789,
        0.0970, 0.1083, 0.1349, 0.0918, 0.1171, 0.1405, 0.2314, 0.0013, 0.0811,
        0.0835, 0.0975, 0.0872, 0.1035, 0.0938, 0.4522, 0.0116, 0.0566, 0.0842,
        0.0850, 0.0516, 0.0628, 0.0731, 0.5750, 0.0010, 0.0010, 0.0010, 0.0010,
        0.0010, 0.0010, 0.0010, 0.9976, 0.0010, 0.0010, 0.0010, 0.0010, 0.0010,
        0.0010, 0.0010, 0.9975, 0.0012, 0.0012, 0.0010, 0.0010, 0.0010, 0.0010,
        0.0010, 0.9968, 0.0010, 0.0010, 0.0010, 0.0011, 0.0010, 0.0010, 0.0010,
        0.9975, 0.0010, 0.0010, 0.0010, 0.0010, 0.0010, 0.0010, 0.0010, 0.9979,
        0.0010, 0.0010, 0.0010, 0.0010, 0.0010, 0.0010, 0.0010, 0.9968, 0.0010,
        0.0010, 0.0010, 0.0010, 0.0010, 0.0010, 0.0010, 0.9979, 0.0010, 0.0010,
        0.0010, 0.0010, 0.0010, 0.0010, 0.0010, 0.9980, 0.0010, 0.0010, 0.0010,
        0.0010, 0.0010, 0.0010, 0.0010, 0.9979, 0.0010, 0.0010, 0.0010, 0.0010,
        0.0010, 0.0010, 0.0010, 0.9976, 0.0010, 0.0010, 0.0010, 0.0010, 0.0010,
        0.0010, 0.0011, 0.9970, 0.0010, 0.0010, 0.0010, 0.0010, 0.0010, 0.0010,
        0.0010, 0.9977], device='cuda:0')
Epoch [1/200], Step [3441/9375], Loss: 0.0116
source illustration O00000-G00000-P00000-BY0000-000000-000000-000000
target illustration P00000-G00000-Y00000-O00000-000000-000000-000000
plan illustration 00010000100000000000100000000001000000010000000100000001000000010000000100000001000000010000000100000001000000010000000100000001
predicted:  tensor([0.0040, 0.1817, 0.1622, 0.1415, 0.1605, 0.1692, 0.1692, 0.0117, 0.5657,
        0.0212, 0.0247, 0.0186, 0.0300, 0.0280, 0.0209, 0.2909, 0.0016, 0.0353,
        0.0341, 0.0326, 0.0270, 0.0309, 0.0391, 0.7996, 0.0578, 0.0133, 0.0115,
        0.0169, 0.0108, 0.0154, 0.0087, 0.8655, 0.0010, 0.0010, 0.0010, 0.0010,
        0.0010, 0.0010, 0.0010, 0.9968, 0.0010, 0.0010, 0.0010, 0.0010, 0.0010,
        0.0010, 0.0010, 0.9968, 0.0014, 0.0014, 0.0010, 0.0010, 0.0010, 0.0010,
        0.0010, 0.9961, 0.0010, 0.0010, 0.0010, 0.0013, 0.0010, 0.0010, 0.0010,
        0.9968, 0.0010, 0.0010, 0.0010, 0.0010, 0.0010, 0.0010, 0.0010, 0.9973,
        0.0010, 0.0010, 0.0010, 0.0010, 0.0010, 0.0010, 0.0010, 0.9962, 0.0010,
        0.0010, 0.0010, 0.0010, 0.0010, 0.0010, 0.0010, 0.9973, 0.0010, 0.0010,
        0.0010, 0.0010, 0.0010, 0.0010, 0.0010, 0.9974, 0.0010, 0.0010, 0.0010,
        0.0010, 0.0010, 0.0010, 0.0010, 0.9974, 0.0010, 0.0010, 0.0010, 0.0010,
        0.0010, 0.0010, 0.0010, 0.9969, 0.0010, 0.0010, 0.0010, 0.0010, 0.0010,
        0.0010, 0.0012, 0.9965, 0.0010, 0.0010, 0.0010, 0.0010, 0.0010, 0.0010,
        0.0010, 0.9970], device='cuda:0')
Epoch [1/200], Step [3534/9375], Loss: 0.0118
source illustration G00000-O00000-B00000-YP0000-000000-000000-000000
target illustration Y00000-BO0000-GP0000-000000-000000-000000-000000
plan illustration 01000000000010000010000000000100000000010000000100000001000000010000000100000001000000010000000100000001000000010000000100000001
predicted:  tensor([0.0069, 0.1577, 0.1603, 0.1255, 0.1782, 0.1757, 0.1773, 0.0185, 0.0316,
        0.1220, 0.1538, 0.1510, 0.2140, 0.1314, 0.1191, 0.0772, 0.0027, 0.0585,
        0.0915, 0.0850, 0.1028, 0.0736, 0.0827, 0.5031, 0.0050, 0.0870, 0.1517,
        0.1073, 0.1051, 0.0777, 0.1060, 0.3603, 0.0016, 0.0011, 0.0010, 0.0010,
        0.0017, 0.0012, 0.0011, 0.9915, 0.0010, 0.0022, 0.0010, 0.0010, 0.0015,
        0.0012, 0.0016, 0.9914, 0.0036, 0.0033, 0.0010, 0.0010, 0.0010, 0.0010,
        0.0011, 0.9900, 0.0021, 0.0010, 0.0010, 0.0031, 0.0010, 0.0010, 0.0010,
        0.9918, 0.0010, 0.0018, 0.0012, 0.0010, 0.0015, 0.0012, 0.0010, 0.9927,
        0.0010, 0.0022, 0.0026, 0.0023, 0.0010, 0.0015, 0.0010, 0.9899, 0.0023,
        0.0013, 0.0010, 0.0010, 0.0010, 0.0010, 0.0016, 0.9929, 0.0010, 0.0010,
        0.0010, 0.0015, 0.0011, 0.0012, 0.0015, 0.9928, 0.0022, 0.0011, 0.0010,
        0.0010, 0.0010, 0.0010, 0.0018, 0.9928, 0.0010, 0.0010, 0.0012, 0.0015,
        0.0015, 0.0010, 0.0023, 0.9915, 0.0016, 0.0010, 0.0010, 0.0010, 0.0018,
        0.0010, 0.0034, 0.9906, 0.0019, 0.0010, 0.0012, 0.0014, 0.0012, 0.0010,
        0.0015, 0.9920], device='cuda:0')
Epoch [1/200], Step [3627/9375], Loss: 0.0121
source illustration R00000-B00000-Y00000-G00000-O00000-000000-000000
target illustration O00000-YB0000-RG0000-000000-000000-000000-000000
plan illustration 00001000000100000000010000000010000000010000000100000001000000010000000100000001000000010000000100000001000000010000000100000001
predicted:  tensor([0.0029, 0.1737, 0.1829, 0.1477, 0.1520, 0.1570, 0.1790, 0.0048, 0.0010,
        0.1804, 0.1307, 0.1213, 0.2055, 0.1895, 0.1578, 0.0143, 0.0010, 0.1403,
        0.1583, 0.1309, 0.1207, 0.1637, 0.2080, 0.0776, 0.0010, 0.2090, 0.1448,
        0.1636, 0.1479, 0.1383, 0.1453, 0.0509, 0.0010, 0.0010, 0.0010, 0.0010,
        0.0010, 0.0010, 0.0010, 0.9985, 0.0010, 0.0010, 0.0010, 0.0010, 0.0010,
        0.0010, 0.0010, 0.9985, 0.0010, 0.0010, 0.0010, 0.0010, 0.0010, 0.0010,
        0.0010, 0.9982, 0.0010, 0.0010, 0.0010, 0.0010, 0.0010, 0.0010, 0.0010,
        0.9984, 0.0010, 0.0010, 0.0010, 0.0010, 0.0010, 0.0010, 0.0010, 0.9987,
        0.0010, 0.0010, 0.0010, 0.0010, 0.0010, 0.0010, 0.0010, 0.9982, 0.0010,
        0.0010, 0.0010, 0.0010, 0.0010, 0.0010, 0.0010, 0.9987, 0.0010, 0.0010,
        0.0010, 0.0010, 0.0010, 0.0010, 0.0010, 0.9988, 0.0010, 0.0010, 0.0010,
        0.0010, 0.0010, 0.0010, 0.0010, 0.9986, 0.0010, 0.0010, 0.0010, 0.0010,
        0.0010, 0.0010, 0.0010, 0.9984, 0.0010, 0.0010, 0.0010, 0.0010, 0.0010,
        0.0010, 0.0010, 0.9984, 0.0010, 0.0010, 0.0010, 0.0010, 0.0010, 0.0010,
        0.0010, 0.9985], device='cuda:0')
Epoch [1/200], Step [3720/9375], Loss: 0.0137
source illustration G00000-Y00000-O00000-P00000-R00000-000000-000000
target illustration O00000-G00000-RYP000-000000-000000-000000-000000
plan illustration 00010000000000100010000000010000000000010000000100000001000000010000000100000001000000010000000100000001000000010000000100000001
predicted:  tensor([0.0033, 0.1348, 0.2200, 0.1452, 0.1765, 0.1335, 0.1835, 0.0032, 0.0010,
        0.1558, 0.1765, 0.1072, 0.1595, 0.1909, 0.1760, 0.0332, 0.0010, 0.1392,
        0.1420, 0.1449, 0.1361, 0.1393, 0.1646, 0.1329, 0.0010, 0.1694, 0.1019,
        0.0997, 0.1720, 0.1424, 0.1432, 0.1711, 0.0010, 0.0010, 0.0010, 0.0010,
        0.0010, 0.0010, 0.0010, 0.9972, 0.0010, 0.0010, 0.0010, 0.0010, 0.0010,
        0.0010, 0.0010, 0.9971, 0.0013, 0.0011, 0.0010, 0.0010, 0.0010, 0.0010,
        0.0010, 0.9968, 0.0010, 0.0010, 0.0010, 0.0012, 0.0010, 0.0010, 0.0010,
        0.9971, 0.0010, 0.0010, 0.0010, 0.0010, 0.0010, 0.0010, 0.0010, 0.9976,
        0.0010, 0.0010, 0.0010, 0.0010, 0.0010, 0.0010, 0.0010, 0.9968, 0.0010,
        0.0010, 0.0010, 0.0010, 0.0010, 0.0010, 0.0010, 0.9976, 0.0010, 0.0010,
        0.0010, 0.0010, 0.0010, 0.0010, 0.0010, 0.9977, 0.0010, 0.0010, 0.0010,
        0.0010, 0.0010, 0.0010, 0.0010, 0.9976, 0.0010, 0.0010, 0.0010, 0.0010,
        0.0010, 0.0010, 0.0010, 0.9971, 0.0010, 0.0010, 0.0010, 0.0010, 0.0010,
        0.0010, 0.0012, 0.9971, 0.0010, 0.0010, 0.0010, 0.0010, 0.0010, 0.0010,
        0.0010, 0.9973], device='cuda:0')
Epoch [1/200], Step [3813/9375], Loss: 0.0117
source illustration G00000-Y00000-R00000-P00000-O00000-000000-000000
target illustration P00000-G00000-YR0000-000000-000000-000000-000000
plan illustration 00000010000100000100000000000001000000010000000100000001000000010000000100000001000000010000000100000001000000010000000100000001
predicted:  tensor([0.0059, 0.1519, 0.1650, 0.1760, 0.1671, 0.1550, 0.1503, 0.0288, 0.0113,
        0.0522, 0.0492, 0.0591, 0.0514, 0.0673, 0.0588, 0.6508, 0.0018, 0.1579,
        0.1293, 0.1622, 0.1523, 0.1836, 0.1358, 0.0771, 0.0156, 0.0657, 0.0858,
        0.0865, 0.0666, 0.0603, 0.0643, 0.5552, 0.0014, 0.0010, 0.0010, 0.0010,
        0.0016, 0.0010, 0.0010, 0.9923, 0.0010, 0.0019, 0.0010, 0.0010, 0.0014,
        0.0011, 0.0014, 0.9923, 0.0027, 0.0024, 0.0010, 0.0010, 0.0010, 0.0010,
        0.0010, 0.9924, 0.0019, 0.0010, 0.0010, 0.0029, 0.0010, 0.0010, 0.0010,
        0.9924, 0.0010, 0.0017, 0.0011, 0.0010, 0.0013, 0.0011, 0.0010, 0.9934,
        0.0010, 0.0018, 0.0019, 0.0018, 0.0010, 0.0011, 0.0010, 0.9922, 0.0020,
        0.0012, 0.0010, 0.0010, 0.0010, 0.0010, 0.0015, 0.9934, 0.0010, 0.0010,
        0.0010, 0.0013, 0.0010, 0.0010, 0.0013, 0.9936, 0.0019, 0.0011, 0.0010,
        0.0010, 0.0010, 0.0010, 0.0017, 0.9934, 0.0010, 0.0010, 0.0011, 0.0014,
        0.0014, 0.0010, 0.0021, 0.9922, 0.0013, 0.0010, 0.0010, 0.0010, 0.0015,
        0.0010, 0.0024, 0.9927, 0.0016, 0.0010, 0.0011, 0.0013, 0.0011, 0.0010,
        0.0014, 0.9926], device='cuda:0')
Epoch [1/200], Step [3906/9375], Loss: 0.0096
source illustration R00000-O00000-B00000-P00000-Y00000-000000-000000
target illustration R00000-O00000-P00000-000000-000000-000000-000000
plan illustration 00001000000000010001000000000001000000010000000100000001000000010000000100000001000000010000000100000001000000010000000100000001
predicted:  tensor([0.0020, 0.1726, 0.2320, 0.1164, 0.0723, 0.1752, 0.1910, 0.0385, 0.1126,
        0.0271, 0.0339, 0.0221, 0.0145, 0.0204, 0.0112, 0.7583, 0.0010, 0.1725,
        0.0588, 0.1952, 0.1709, 0.1872, 0.1096, 0.1049, 0.1516, 0.0183, 0.0262,
        0.0357, 0.0312, 0.0217, 0.0594, 0.6558, 0.0010, 0.0010, 0.0010, 0.0010,
        0.0010, 0.0010, 0.0010, 0.9993, 0.0010, 0.0010, 0.0010, 0.0010, 0.0010,
        0.0010, 0.0010, 0.9993, 0.0010, 0.0010, 0.0010, 0.0010, 0.0010, 0.0010,
        0.0010, 0.9992, 0.0010, 0.0010, 0.0010, 0.0010, 0.0010, 0.0010, 0.0010,
        0.9993, 0.0010, 0.0010, 0.0010, 0.0010, 0.0010, 0.0010, 0.0010, 0.9994,
        0.0010, 0.0010, 0.0010, 0.0010, 0.0010, 0.0010, 0.0010, 0.9993, 0.0010,
        0.0010, 0.0010, 0.0010, 0.0010, 0.0010, 0.0010, 0.9995, 0.0010, 0.0010,
        0.0010, 0.0010, 0.0010, 0.0010, 0.0010, 0.9995, 0.0010, 0.0010, 0.0010,
        0.0010, 0.0010, 0.0010, 0.0010, 0.9994, 0.0010, 0.0010, 0.0010, 0.0010,
        0.0010, 0.0010, 0.0010, 0.9993, 0.0010, 0.0010, 0.0010, 0.0010, 0.0010,
        0.0010, 0.0010, 0.9993, 0.0010, 0.0010, 0.0010, 0.0010, 0.0010, 0.0010,
        0.0010, 0.9994], device='cuda:0')
Epoch [1/200], Step [3999/9375], Loss: 0.0140
source illustration Y00000-BR0000-OP0000-000000-000000-000000-000000
target illustration O00000-BP0000-YR0000-000000-000000-000000-000000
plan illustration 00000010000100000010000000001000000000010000000100000001000000010000000100000001000000010000000100000001000000010000000100000001
predicted:  tensor([0.0050, 0.1374, 0.1502, 0.1500, 0.1588, 0.1733, 0.1487, 0.0765, 0.1012,
        0.0891, 0.0918, 0.0798, 0.0750, 0.0873, 0.1273, 0.3484, 0.0020, 0.0760,
        0.0708, 0.0716, 0.0886, 0.0677, 0.0883, 0.5348, 0.0105, 0.0425, 0.0683,
        0.0361, 0.0346, 0.0430, 0.0531, 0.7119, 0.0010, 0.0010, 0.0010, 0.0010,
        0.0010, 0.0010, 0.0010, 0.9963, 0.0010, 0.0010, 0.0010, 0.0010, 0.0010,
        0.0010, 0.0010, 0.9962, 0.0018, 0.0016, 0.0010, 0.0010, 0.0010, 0.0010,
        0.0010, 0.9953, 0.0010, 0.0010, 0.0010, 0.0015, 0.0010, 0.0010, 0.0010,
        0.9963, 0.0010, 0.0010, 0.0010, 0.0010, 0.0010, 0.0010, 0.0010, 0.9968,
        0.0010, 0.0010, 0.0012, 0.0011, 0.0010, 0.0010, 0.0010, 0.9953, 0.0010,
        0.0010, 0.0010, 0.0010, 0.0010, 0.0010, 0.0010, 0.9969, 0.0010, 0.0010,
        0.0010, 0.0010, 0.0010, 0.0010, 0.0010, 0.9969, 0.0010, 0.0010, 0.0010,
        0.0010, 0.0010, 0.0010, 0.0010, 0.9969, 0.0010, 0.0010, 0.0010, 0.0010,
        0.0010, 0.0010, 0.0011, 0.9963, 0.0010, 0.0010, 0.0010, 0.0010, 0.0010,
        0.0010, 0.0016, 0.9954, 0.0010, 0.0010, 0.0010, 0.0010, 0.0010, 0.0010,
        0.0010, 0.9964], device='cuda:0')
Epoch [1/200], Step [4092/9375], Loss: 0.0115
source illustration Y00000-O00000-B00000-P00000-R00000-000000-000000
target illustration O00000-B00000-Y00000-P00000-000000-000000-000000
plan illustration 00000010000000010000000100000001000000010000000100000001000000010000000100000001000000010000000100000001000000010000000100000001
predicted:  tensor([0.0021, 0.1421, 0.1810, 0.1289, 0.1851, 0.1042, 0.1256, 0.1311, 0.0213,
        0.0035, 0.0024, 0.0034, 0.0020, 0.0027, 0.0019, 0.9629, 0.0010, 0.0073,
        0.0042, 0.0071, 0.0054, 0.0074, 0.0075, 0.9610, 0.0189, 0.0017, 0.0019,
        0.0013, 0.0017, 0.0015, 0.0019, 0.9711, 0.0010, 0.0010, 0.0010, 0.0010,
        0.0010, 0.0010, 0.0010, 0.9996, 0.0010, 0.0010, 0.0010, 0.0010, 0.0010,
        0.0010, 0.0010, 0.9996, 0.0010, 0.0010, 0.0010, 0.0010, 0.0010, 0.0010,
        0.0010, 0.9995, 0.0010, 0.0010, 0.0010, 0.0010, 0.0010, 0.0010, 0.0010,
        0.9995, 0.0010, 0.0010, 0.0010, 0.0010, 0.0010, 0.0010, 0.0010, 0.9996,
        0.0010, 0.0010, 0.0010, 0.0010, 0.0010, 0.0010, 0.0010, 0.9995, 0.0010,
        0.0010, 0.0010, 0.0010, 0.0010, 0.0010, 0.0010, 0.9996, 0.0010, 0.0010,
        0.0010, 0.0010, 0.0010, 0.0010, 0.0010, 0.9997, 0.0010, 0.0010, 0.0010,
        0.0010, 0.0010, 0.0010, 0.0010, 0.9996, 0.0010, 0.0010, 0.0010, 0.0010,
        0.0010, 0.0010, 0.0010, 0.9996, 0.0010, 0.0010, 0.0010, 0.0010, 0.0010,
        0.0010, 0.0010, 0.9995, 0.0010, 0.0010, 0.0010, 0.0010, 0.0010, 0.0010,
        0.0010, 0.9996], device='cuda:0')
Epoch [1/200], Step [4185/9375], Loss: 0.0122
source illustration O00000-R00000-Y00000-B00000-G00000-000000-000000
target illustration O00000-G00000-RYB000-000000-000000-000000-000000
plan illustration 00010000000000100000100000010000000000010000000100000001000000010000000100000001000000010000000100000001000000010000000100000001
predicted:  tensor([0.0030, 0.1985, 0.2006, 0.1379, 0.1165, 0.1739, 0.1618, 0.0079, 0.0010,
        0.1461, 0.1241, 0.1734, 0.1315, 0.1443, 0.1515, 0.1284, 0.0010, 0.1327,
        0.1754, 0.1221, 0.1934, 0.1197, 0.1882, 0.0678, 0.0010, 0.1678, 0.0909,
        0.1400, 0.1891, 0.1320, 0.0975, 0.1820, 0.0010, 0.0010, 0.0010, 0.0010,
        0.0010, 0.0010, 0.0010, 0.9974, 0.0010, 0.0010, 0.0010, 0.0010, 0.0010,
        0.0010, 0.0010, 0.9973, 0.0010, 0.0010, 0.0010, 0.0010, 0.0010, 0.0010,
        0.0010, 0.9974, 0.0010, 0.0010, 0.0010, 0.0011, 0.0010, 0.0010, 0.0010,
        0.9973, 0.0010, 0.0010, 0.0010, 0.0010, 0.0010, 0.0010, 0.0010, 0.9978,
        0.0010, 0.0010, 0.0010, 0.0010, 0.0010, 0.0010, 0.0010, 0.9973, 0.0010,
        0.0010, 0.0010, 0.0010, 0.0010, 0.0010, 0.0010, 0.9977, 0.0010, 0.0010,
        0.0010, 0.0010, 0.0010, 0.0010, 0.0010, 0.9979, 0.0010, 0.0010, 0.0010,
        0.0010, 0.0010, 0.0010, 0.0010, 0.9978, 0.0010, 0.0010, 0.0010, 0.0010,
        0.0010, 0.0010, 0.0010, 0.9974, 0.0010, 0.0010, 0.0010, 0.0010, 0.0010,
        0.0010, 0.0010, 0.9976, 0.0010, 0.0010, 0.0010, 0.0010, 0.0010, 0.0010,
        0.0010, 0.9975], device='cuda:0')
Epoch [1/200], Step [4278/9375], Loss: 0.0135
source illustration Y00000-P00000-B00000-R00000-O00000-000000-000000
target illustration O00000-P00000-R00000-BY0000-000000-000000-000000
plan illustration 00010000000010000000000100000001000000010000000100000001000000010000000100000001000000010000000100000001000000010000000100000001
predicted:  tensor([0.0015, 0.1785, 0.1854, 0.1624, 0.1858, 0.1577, 0.1245, 0.0043, 0.0018,
        0.1214, 0.1569, 0.1991, 0.1460, 0.1831, 0.1832, 0.0087, 0.0010, 0.0035,
        0.0019, 0.0023, 0.0023, 0.0031, 0.0033, 0.9835, 0.0010, 0.0026, 0.0043,
        0.0023, 0.0032, 0.0045, 0.0033, 0.9797, 0.0010, 0.0010, 0.0010, 0.0010,
        0.0010, 0.0010, 0.0010, 0.9996, 0.0010, 0.0010, 0.0010, 0.0010, 0.0010,
        0.0010, 0.0010, 0.9996, 0.0010, 0.0010, 0.0010, 0.0010, 0.0010, 0.0010,
        0.0010, 0.9995, 0.0010, 0.0010, 0.0010, 0.0010, 0.0010, 0.0010, 0.0010,
        0.9996, 0.0010, 0.0010, 0.0010, 0.0010, 0.0010, 0.0010, 0.0010, 0.9997,
        0.0010, 0.0010, 0.0010, 0.0010, 0.0010, 0.0010, 0.0010, 0.9995, 0.0010,
        0.0010, 0.0010, 0.0010, 0.0010, 0.0010, 0.0010, 0.9997, 0.0010, 0.0010,
        0.0010, 0.0010, 0.0010, 0.0010, 0.0010, 0.9997, 0.0010, 0.0010, 0.0010,
        0.0010, 0.0010, 0.0010, 0.0010, 0.9996, 0.0010, 0.0010, 0.0010, 0.0010,
        0.0010, 0.0010, 0.0010, 0.9996, 0.0010, 0.0010, 0.0010, 0.0010, 0.0010,
        0.0010, 0.0010, 0.9996, 0.0010, 0.0010, 0.0010, 0.0010, 0.0010, 0.0010,
        0.0010, 0.9996], device='cuda:0')
Epoch [1/200], Step [4371/9375], Loss: 0.0107
source illustration R00000-P00000-B00000-Y00000-G00000-000000-000000
target illustration R00000-B00000-PY0000-000000-000000-000000-000000
plan illustration 00000100000000010001000000100000000000010000000100000001000000010000000100000001000000010000000100000001000000010000000100000001
predicted:  tensor([0.0016, 0.2095, 0.1219, 0.1828, 0.2230, 0.1366, 0.1192, 0.0053, 0.0107,
        0.0402, 0.0607, 0.0412, 0.0336, 0.0505, 0.0438, 0.7193, 0.0010, 0.1599,
        0.2288, 0.1966, 0.1091, 0.1499, 0.1264, 0.0288, 0.0105, 0.0446, 0.0402,
        0.0587, 0.0347, 0.0354, 0.0466, 0.7292, 0.0010, 0.0010, 0.0010, 0.0010,
        0.0010, 0.0010, 0.0010, 0.9991, 0.0010, 0.0010, 0.0010, 0.0010, 0.0010,
        0.0010, 0.0010, 0.9991, 0.0010, 0.0010, 0.0010, 0.0010, 0.0010, 0.0010,
        0.0010, 0.9991, 0.0010, 0.0010, 0.0010, 0.0010, 0.0010, 0.0010, 0.0010,
        0.9990, 0.0010, 0.0010, 0.0010, 0.0010, 0.0010, 0.0010, 0.0010, 0.9992,
        0.0010, 0.0010, 0.0010, 0.0010, 0.0010, 0.0010, 0.0010, 0.9991, 0.0010,
        0.0010, 0.0010, 0.0010, 0.0010, 0.0010, 0.0010, 0.9992, 0.0010, 0.0010,
        0.0010, 0.0010, 0.0010, 0.0010, 0.0010, 0.9993, 0.0010, 0.0010, 0.0010,
        0.0010, 0.0010, 0.0010, 0.0010, 0.9992, 0.0010, 0.0010, 0.0010, 0.0010,
        0.0010, 0.0010, 0.0010, 0.9990, 0.0010, 0.0010, 0.0010, 0.0010, 0.0010,
        0.0010, 0.0010, 0.9992, 0.0010, 0.0010, 0.0010, 0.0010, 0.0010, 0.0010,
        0.0010, 0.9991], device='cuda:0')
Epoch [1/200], Step [4464/9375], Loss: 0.0127
source illustration O00000-R00000-Y00000-P00000-B00000-000000-000000
target illustration P00000-R00000-O00000-Y00000-B00000-000000-000000
plan illustration 00000001000000010000000100000001000000010000000100000001000000010000000100000001000000010000000100000001000000010000000100000001
predicted:  tensor([0.0010, 0.0238, 0.0186, 0.0446, 0.0114, 0.0098, 0.0214, 0.8703, 0.1809,
        0.0066, 0.0037, 0.0055, 0.0042, 0.0043, 0.0039, 0.7908, 0.0010, 0.0010,
        0.0010, 0.0010, 0.0010, 0.0010, 0.0010, 0.9998, 0.0010, 0.0010, 0.0010,
        0.0010, 0.0010, 0.0010, 0.0010, 0.9999, 0.0010, 0.0010, 0.0010, 0.0010,
        0.0010, 0.0010, 0.0010, 1.0000, 0.0010, 0.0010, 0.0010, 0.0010, 0.0010,
        0.0010, 0.0010, 1.0000, 0.0010, 0.0010, 0.0010, 0.0010, 0.0010, 0.0010,
        0.0010, 1.0000, 0.0010, 0.0010, 0.0010, 0.0010, 0.0010, 0.0010, 0.0010,
        1.0000, 0.0010, 0.0010, 0.0010, 0.0010, 0.0010, 0.0010, 0.0010, 1.0000,
        0.0010, 0.0010, 0.0010, 0.0010, 0.0010, 0.0010, 0.0010, 1.0000, 0.0010,
        0.0010, 0.0010, 0.0010, 0.0010, 0.0010, 0.0010, 1.0000, 0.0010, 0.0010,
        0.0010, 0.0010, 0.0010, 0.0010, 0.0010, 1.0000, 0.0010, 0.0010, 0.0010,
        0.0010, 0.0010, 0.0010, 0.0010, 1.0000, 0.0010, 0.0010, 0.0010, 0.0010,
        0.0010, 0.0010, 0.0010, 1.0000, 0.0010, 0.0010, 0.0010, 0.0010, 0.0010,
        0.0010, 0.0010, 1.0000, 0.0010, 0.0010, 0.0010, 0.0010, 0.0010, 0.0010,
        0.0010, 1.0000], device='cuda:0')
Epoch [1/200], Step [4557/9375], Loss: 0.0116
source illustration Y00000-R00000-O00000-BP0000-000000-000000-000000
target illustration O00000-R00000-Y00000-BP0000-000000-000000-000000
plan illustration 00000001000000010000000100000001000000010000000100000001000000010000000100000001000000010000000100000001000000010000000100000001
predicted:  tensor([0.0042, 0.1155, 0.1440, 0.1546, 0.1769, 0.1338, 0.1175, 0.1536, 0.9083,
        0.0056, 0.0056, 0.0081, 0.0068, 0.0074, 0.0052, 0.0529, 0.0015, 0.0562,
        0.0595, 0.0531, 0.0527, 0.0376, 0.0462, 0.6933, 0.1954, 0.0293, 0.0358,
        0.0343, 0.0343, 0.0341, 0.0386, 0.5982, 0.0010, 0.0010, 0.0010, 0.0010,
        0.0010, 0.0010, 0.0010, 0.9983, 0.0010, 0.0010, 0.0010, 0.0010, 0.0010,
        0.0010, 0.0010, 0.9983, 0.0010, 0.0010, 0.0010, 0.0010, 0.0010, 0.0010,
        0.0010, 0.9977, 0.0010, 0.0010, 0.0010, 0.0010, 0.0010, 0.0010, 0.0010,
        0.9983, 0.0010, 0.0010, 0.0010, 0.0010, 0.0010, 0.0010, 0.0010, 0.9986,
        0.0010, 0.0010, 0.0010, 0.0010, 0.0010, 0.0010, 0.0010, 0.9977, 0.0010,
        0.0010, 0.0010, 0.0010, 0.0010, 0.0010, 0.0010, 0.9986, 0.0010, 0.0010,
        0.0010, 0.0010, 0.0010, 0.0010, 0.0010, 0.9986, 0.0010, 0.0010, 0.0010,
        0.0010, 0.0010, 0.0010, 0.0010, 0.9986, 0.0010, 0.0010, 0.0010, 0.0010,
        0.0010, 0.0010, 0.0010, 0.9983, 0.0010, 0.0010, 0.0010, 0.0010, 0.0010,
        0.0010, 0.0010, 0.9978, 0.0010, 0.0010, 0.0010, 0.0010, 0.0010, 0.0010,
        0.0010, 0.9984], device='cuda:0')
Epoch [1/200], Step [4650/9375], Loss: 0.0122
